<?xml version="1.0" encoding="UTF-8"?>
<coverage generated="1758617497196" clover="3.2.0">
  <project timestamp="1758617497196" name="All files">
    <metrics statements="408" coveredstatements="176" conditionals="115" coveredconditionals="34" methods="56" coveredmethods="24" elements="579" coveredelements="234" complexity="0" loc="408" ncloc="408" packages="1" files="1" classes="1"/>
    <file name="server.js" path="E:\Projects\SDP\Railway\server.js">
      <metrics statements="408" coveredstatements="176" conditionals="115" coveredconditionals="34" methods="56" coveredmethods="24"/>
      <line num="1" count="1" type="stmt"/>
      <line num="2" count="1" type="stmt"/>
      <line num="3" count="1" type="stmt"/>
      <line num="4" count="1" type="stmt"/>
      <line num="5" count="1" type="stmt"/>
      <line num="6" count="1" type="stmt"/>
      <line num="8" count="1" type="stmt"/>
      <line num="9" count="1" type="stmt"/>
      <line num="12" count="1" type="cond" truecount="1" falsecount="1"/>
      <line num="13" count="0" type="stmt"/>
      <line num="16" count="1" type="stmt"/>
      <line num="30" count="1" type="cond" truecount="1" falsecount="1"/>
      <line num="34" count="1" type="stmt"/>
      <line num="48" count="18" type="stmt"/>
      <line num="50" count="18" type="cond" truecount="2" falsecount="0"/>
      <line num="51" count="1" type="stmt"/>
      <line num="54" count="17" type="stmt"/>
      <line num="59" count="17" type="cond" truecount="2" falsecount="0"/>
      <line num="60" count="1" type="stmt"/>
      <line num="64" count="16" type="stmt"/>
      <line num="65" count="16" type="stmt"/>
      <line num="68" count="1" type="stmt"/>
      <line num="72" count="1" type="stmt"/>
      <line num="73" count="0" type="stmt"/>
      <line num="76" count="1" type="stmt"/>
      <line num="77" count="1" type="stmt"/>
      <line num="82" count="0" type="cond" truecount="0" falsecount="2"/>
      <line num="85" count="0" type="cond" truecount="0" falsecount="2"/>
      <line num="86" count="0" type="stmt"/>
      <line num="89" count="0" type="stmt"/>
      <line num="90" count="0" type="stmt"/>
      <line num="91" count="0" type="stmt"/>
      <line num="95" count="1" type="stmt"/>
      <line num="96" count="1" type="stmt"/>
      <line num="97" count="1" type="stmt"/>
      <line num="98" count="1" type="stmt"/>
      <line num="100" count="0" type="stmt"/>
      <line num="101" count="0" type="stmt"/>
      <line num="104" count="1" type="stmt"/>
      <line num="106" count="1" type="stmt"/>
      <line num="107" count="2" type="stmt"/>
      <line num="108" count="2" type="cond" truecount="2" falsecount="0"/>
      <line num="109" count="1" type="stmt"/>
      <line num="110" count="1" type="stmt"/>
      <line num="111" count="1" type="stmt"/>
      <line num="113" count="0" type="stmt"/>
      <line num="114" count="0" type="stmt"/>
      <line num="119" count="1" type="stmt"/>
      <line num="120" count="1" type="stmt"/>
      <line num="121" count="1" type="stmt"/>
      <line num="122" count="1" type="stmt"/>
      <line num="123" count="1" type="stmt"/>
      <line num="125" count="0" type="stmt"/>
      <line num="126" count="0" type="stmt"/>
      <line num="131" count="2" type="stmt"/>
      <line num="132" count="2" type="stmt"/>
      <line num="133" count="3" type="stmt"/>
      <line num="137" count="3" type="stmt"/>
      <line num="138" count="3" type="cond" truecount="1" falsecount="1"/>
      <line num="139" count="3" type="stmt"/>
      <line num="140" count="3" type="stmt"/>
      <line num="149" count="2" type="stmt"/>
      <line num="153" count="1" type="stmt"/>
      <line num="154" count="0" type="stmt"/>
      <line num="155" count="0" type="stmt"/>
      <line num="156" count="0" type="stmt"/>
      <line num="177" count="0" type="stmt"/>
      <line num="182" count="0" type="stmt"/>
      <line num="184" count="0" type="stmt"/>
      <line num="185" count="0" type="stmt"/>
      <line num="190" count="1" type="stmt"/>
      <line num="191" count="0" type="stmt"/>
      <line num="192" count="0" type="stmt"/>
      <line num="193" count="0" type="stmt"/>
      <line num="213" count="0" type="stmt"/>
      <line num="215" count="0" type="stmt"/>
      <line num="216" count="0" type="stmt"/>
      <line num="221" count="1" type="stmt"/>
      <line num="222" count="0" type="stmt"/>
      <line num="223" count="0" type="cond" truecount="0" falsecount="4"/>
      <line num="224" count="0" type="stmt"/>
      <line num="228" count="0" type="stmt"/>
      <line num="229" count="0" type="cond" truecount="0" falsecount="2"/>
      <line num="230" count="0" type="stmt"/>
      <line num="238" count="0" type="stmt"/>
      <line num="240" count="0" type="stmt"/>
      <line num="241" count="0" type="stmt"/>
      <line num="245" count="1" type="stmt"/>
      <line num="246" count="0" type="stmt"/>
      <line num="247" count="0" type="cond" truecount="0" falsecount="4"/>
      <line num="248" count="0" type="stmt"/>
      <line num="250" count="0" type="stmt"/>
      <line num="251" count="0" type="stmt"/>
      <line num="260" count="0" type="stmt"/>
      <line num="262" count="0" type="stmt"/>
      <line num="263" count="0" type="stmt"/>
      <line num="268" count="1" type="stmt"/>
      <line num="269" count="0" type="stmt"/>
      <line num="270" count="0" type="stmt"/>
      <line num="271" count="0" type="stmt"/>
      <line num="275" count="0" type="cond" truecount="0" falsecount="2"/>
      <line num="277" count="0" type="stmt"/>
      <line num="278" count="0" type="stmt"/>
      <line num="282" count="1" type="stmt"/>
      <line num="283" count="0" type="stmt"/>
      <line num="284" count="0" type="cond" truecount="0" falsecount="2"/>
      <line num="285" count="0" type="stmt"/>
      <line num="286" count="0" type="stmt"/>
      <line num="290" count="0" type="stmt"/>
      <line num="292" count="0" type="stmt"/>
      <line num="293" count="0" type="stmt"/>
      <line num="298" count="1" type="stmt"/>
      <line num="299" count="0" type="stmt"/>
      <line num="300" count="0" type="stmt"/>
      <line num="303" count="0" type="stmt"/>
      <line num="305" count="0" type="stmt"/>
      <line num="306" count="0" type="stmt"/>
      <line num="312" count="1" type="stmt"/>
      <line num="313" count="0" type="stmt"/>
      <line num="314" count="0" type="cond" truecount="0" falsecount="5"/>
      <line num="315" count="0" type="stmt"/>
      <line num="319" count="0" type="stmt"/>
      <line num="321" count="0" type="stmt"/>
      <line num="327" count="0" type="stmt"/>
      <line num="330" count="0" type="stmt"/>
      <line num="336" count="0" type="cond" truecount="0" falsecount="4"/>
      <line num="337" count="0" type="stmt"/>
      <line num="338" count="0" type="stmt"/>
      <line num="340" count="0" type="stmt"/>
      <line num="345" count="0" type="stmt"/>
      <line num="347" count="0" type="stmt"/>
      <line num="348" count="0" type="stmt"/>
      <line num="352" count="1" type="stmt"/>
      <line num="353" count="0" type="stmt"/>
      <line num="355" count="0" type="stmt"/>
      <line num="356" count="0" type="stmt"/>
      <line num="368" count="0" type="stmt"/>
      <line num="370" count="0" type="stmt"/>
      <line num="372" count="0" type="stmt"/>
      <line num="377" count="0" type="stmt"/>
      <line num="379" count="0" type="stmt"/>
      <line num="380" count="0" type="stmt"/>
      <line num="384" count="1" type="stmt"/>
      <line num="385" count="0" type="stmt"/>
      <line num="386" count="0" type="stmt"/>
      <line num="387" count="0" type="stmt"/>
      <line num="408" count="0" type="stmt"/>
      <line num="410" count="0" type="stmt"/>
      <line num="411" count="0" type="stmt"/>
      <line num="416" count="1" type="stmt"/>
      <line num="417" count="0" type="stmt"/>
      <line num="418" count="0" type="stmt"/>
      <line num="419" count="0" type="stmt"/>
      <line num="422" count="0" type="stmt"/>
      <line num="424" count="0" type="stmt"/>
      <line num="425" count="0" type="stmt"/>
      <line num="430" count="1" type="stmt"/>
      <line num="431" count="0" type="stmt"/>
      <line num="432" count="0" type="stmt"/>
      <line num="433" count="0" type="stmt"/>
      <line num="434" count="0" type="stmt"/>
      <line num="436" count="0" type="stmt"/>
      <line num="437" count="0" type="stmt"/>
      <line num="443" count="1" type="stmt"/>
      <line num="444" count="0" type="stmt"/>
      <line num="445" count="0" type="cond" truecount="0" falsecount="4"/>
      <line num="446" count="0" type="stmt"/>
      <line num="448" count="0" type="stmt"/>
      <line num="450" count="0" type="stmt"/>
      <line num="460" count="0" type="cond" truecount="0" falsecount="2"/>
      <line num="461" count="0" type="stmt"/>
      <line num="463" count="0" type="cond" truecount="0" falsecount="2"/>
      <line num="464" count="0" type="stmt"/>
      <line num="467" count="0" type="stmt"/>
      <line num="470" count="0" type="stmt"/>
      <line num="480" count="0" type="stmt"/>
      <line num="481" count="0" type="stmt"/>
      <line num="483" count="0" type="stmt"/>
      <line num="484" count="0" type="stmt"/>
      <line num="485" count="0" type="stmt"/>
      <line num="486" count="0" type="stmt"/>
      <line num="488" count="0" type="stmt"/>
      <line num="492" count="0" type="cond" truecount="0" falsecount="2"/>
      <line num="494" count="0" type="stmt"/>
      <line num="496" count="0" type="stmt"/>
      <line num="502" count="0" type="stmt"/>
      <line num="505" count="0" type="stmt"/>
      <line num="509" count="0" type="stmt"/>
      <line num="510" count="0" type="stmt"/>
      <line num="511" count="0" type="stmt"/>
      <line num="514" count="0" type="stmt"/>
      <line num="516" count="0" type="stmt"/>
      <line num="519" count="0" type="stmt"/>
      <line num="520" count="0" type="stmt"/>
      <line num="527" count="0" type="stmt"/>
      <line num="528" count="0" type="stmt"/>
      <line num="534" count="1" type="stmt"/>
      <line num="535" count="0" type="stmt"/>
      <line num="536" count="0" type="cond" truecount="0" falsecount="4"/>
      <line num="537" count="0" type="stmt"/>
      <line num="540" count="0" type="cond" truecount="0" falsecount="2"/>
      <line num="541" count="0" type="stmt"/>
      <line num="542" count="0" type="stmt"/>
      <line num="543" count="0" type="stmt"/>
      <line num="548" count="0" type="stmt"/>
      <line num="549" count="0" type="stmt"/>
      <line num="550" count="0" type="stmt"/>
      <line num="552" count="0" type="stmt"/>
      <line num="557" count="0" type="cond" truecount="0" falsecount="2"/>
      <line num="559" count="0" type="stmt"/>
      <line num="561" count="0" type="cond" truecount="0" falsecount="2"/>
      <line num="563" count="0" type="stmt"/>
      <line num="568" count="0" type="stmt"/>
      <line num="570" count="0" type="stmt"/>
      <line num="577" count="0" type="stmt"/>
      <line num="579" count="0" type="stmt"/>
      <line num="584" count="0" type="stmt"/>
      <line num="589" count="0" type="cond" truecount="0" falsecount="2"/>
      <line num="590" count="0" type="stmt"/>
      <line num="595" count="0" type="stmt"/>
      <line num="597" count="0" type="stmt"/>
      <line num="599" count="0" type="stmt"/>
      <line num="600" count="0" type="stmt"/>
      <line num="601" count="0" type="stmt"/>
      <line num="603" count="0" type="stmt"/>
      <line num="609" count="1" type="stmt"/>
      <line num="614" count="1" type="stmt"/>
      <line num="616" count="1" type="cond" truecount="1" falsecount="1"/>
      <line num="617" count="0" type="stmt"/>
      <line num="621" count="1" type="stmt"/>
      <line num="624" count="1" type="stmt"/>
      <line num="632" count="1" type="stmt"/>
      <line num="635" count="1" type="stmt"/>
      <line num="636" count="1" type="stmt"/>
      <line num="637" count="1" type="stmt"/>
      <line num="638" count="1" type="stmt"/>
      <line num="639" count="1" type="stmt"/>
      <line num="641" count="0" type="stmt"/>
      <line num="642" count="0" type="stmt"/>
      <line num="646" count="1" type="stmt"/>
      <line num="647" count="1" type="stmt"/>
      <line num="649" count="1" type="stmt"/>
      <line num="650" count="1" type="stmt"/>
      <line num="657" count="1" type="stmt"/>
      <line num="659" count="0" type="stmt"/>
      <line num="660" count="0" type="stmt"/>
      <line num="663" count="1" type="stmt"/>
      <line num="664" count="1" type="stmt"/>
      <line num="666" count="1" type="stmt"/>
      <line num="667" count="1" type="stmt"/>
      <line num="680" count="1" type="stmt"/>
      <line num="682" count="2" type="stmt"/>
      <line num="691" count="1" type="stmt"/>
      <line num="693" count="0" type="stmt"/>
      <line num="694" count="0" type="stmt"/>
      <line num="698" count="1" type="stmt"/>
      <line num="699" count="1" type="stmt"/>
      <line num="701" count="1" type="stmt"/>
      <line num="702" count="1" type="stmt"/>
      <line num="705" count="1" type="stmt"/>
      <line num="709" count="1" type="stmt"/>
      <line num="714" count="1" type="stmt"/>
      <line num="719" count="0" type="stmt"/>
      <line num="720" count="0" type="stmt"/>
      <line num="725" count="1" type="stmt"/>
      <line num="726" count="0" type="stmt"/>
      <line num="728" count="0" type="stmt"/>
      <line num="729" count="0" type="stmt"/>
      <line num="742" count="0" type="stmt"/>
      <line num="744" count="0" type="stmt"/>
      <line num="746" count="0" type="stmt"/>
      <line num="747" count="0" type="stmt"/>
      <line num="753" count="1" type="stmt"/>
      <line num="754" count="0" type="stmt"/>
      <line num="756" count="0" type="cond" truecount="0" falsecount="2"/>
      <line num="757" count="0" type="stmt"/>
      <line num="760" count="0" type="stmt"/>
      <line num="761" count="0" type="stmt"/>
      <line num="773" count="0" type="stmt"/>
      <line num="775" count="0" type="stmt"/>
      <line num="784" count="0" type="stmt"/>
      <line num="786" count="0" type="stmt"/>
      <line num="787" count="0" type="stmt"/>
      <line num="791" count="1" type="stmt"/>
      <line num="792" count="0" type="stmt"/>
      <line num="794" count="0" type="cond" truecount="0" falsecount="2"/>
      <line num="795" count="0" type="stmt"/>
      <line num="798" count="0" type="stmt"/>
      <line num="799" count="0" type="stmt"/>
      <line num="808" count="0" type="stmt"/>
      <line num="810" count="0" type="stmt"/>
      <line num="820" count="0" type="stmt"/>
      <line num="822" count="0" type="stmt"/>
      <line num="823" count="0" type="stmt"/>
      <line num="827" count="1" type="stmt"/>
      <line num="828" count="1" type="stmt"/>
      <line num="829" count="1" type="stmt"/>
      <line num="831" count="1" type="cond" truecount="3" falsecount="1"/>
      <line num="832" count="0" type="stmt"/>
      <line num="837" count="1" type="stmt"/>
      <line num="838" count="1" type="stmt"/>
      <line num="844" count="1" type="stmt"/>
      <line num="846" count="1" type="stmt"/>
      <line num="848" count="1" type="stmt"/>
      <line num="858" count="1" type="stmt"/>
      <line num="860" count="0" type="stmt"/>
      <line num="861" count="0" type="stmt"/>
      <line num="865" count="1" type="stmt"/>
      <line num="866" count="1" type="stmt"/>
      <line num="867" count="1" type="stmt"/>
      <line num="868" count="1" type="stmt"/>
      <line num="870" count="1" type="cond" truecount="3" falsecount="1"/>
      <line num="871" count="0" type="stmt"/>
      <line num="876" count="1" type="stmt"/>
      <line num="877" count="1" type="stmt"/>
      <line num="884" count="1" type="stmt"/>
      <line num="891" count="1" type="cond" truecount="1" falsecount="1"/>
      <line num="892" count="0" type="stmt"/>
      <line num="895" count="1" type="stmt"/>
      <line num="897" count="0" type="stmt"/>
      <line num="898" count="0" type="stmt"/>
      <line num="903" count="1" type="stmt"/>
      <line num="904" count="1" type="stmt"/>
      <line num="906" count="1" type="stmt"/>
      <line num="907" count="1" type="stmt"/>
      <line num="914" count="1" type="cond" truecount="1" falsecount="1"/>
      <line num="915" count="0" type="stmt"/>
      <line num="920" count="1" type="stmt"/>
      <line num="922" count="0" type="stmt"/>
      <line num="923" count="0" type="stmt"/>
      <line num="927" count="1" type="stmt"/>
      <line num="928" count="1" type="stmt"/>
      <line num="930" count="1" type="stmt"/>
      <line num="931" count="1" type="stmt"/>
      <line num="938" count="1" type="stmt"/>
      <line num="940" count="1" type="cond" truecount="1" falsecount="1"/>
      <line num="941" count="0" type="stmt"/>
      <line num="946" count="1" type="stmt"/>
      <line num="948" count="1" type="stmt"/>
      <line num="961" count="0" type="stmt"/>
      <line num="962" count="0" type="stmt"/>
      <line num="966" count="1" type="stmt"/>
      <line num="967" count="1" type="stmt"/>
      <line num="969" count="1" type="cond" truecount="1" falsecount="1"/>
      <line num="970" count="0" type="stmt"/>
      <line num="973" count="1" type="stmt"/>
      <line num="975" count="1" type="stmt"/>
      <line num="981" count="1" type="stmt"/>
      <line num="983" count="1" type="stmt"/>
      <line num="985" count="1" type="stmt"/>
      <line num="989" count="1" type="stmt"/>
      <line num="991" count="1" type="stmt"/>
      <line num="999" count="1" type="stmt"/>
      <line num="1001" count="0" type="stmt"/>
      <line num="1002" count="0" type="stmt"/>
      <line num="1007" count="1" type="stmt"/>
      <line num="1008" count="1" type="cond" truecount="1" falsecount="1"/>
      <line num="1009" count="1" type="stmt"/>
      <line num="1011" count="1" type="cond" truecount="1" falsecount="1"/>
      <line num="1012" count="0" type="stmt"/>
      <line num="1015" count="1" type="stmt"/>
      <line num="1017" count="1" type="stmt"/>
      <line num="1021" count="1" type="stmt"/>
      <line num="1024" count="1" type="stmt"/>
      <line num="1027" count="1" type="stmt"/>
      <line num="1037" count="1" type="stmt"/>
      <line num="1038" count="1" type="stmt"/>
      <line num="1039" count="2" type="stmt"/>
      <line num="1040" count="2" type="stmt"/>
      <line num="1041" count="2" type="stmt"/>
      <line num="1049" count="0" type="stmt"/>
      <line num="1053" count="1" type="stmt"/>
      <line num="1055" count="0" type="stmt"/>
      <line num="1056" count="0" type="stmt"/>
      <line num="1060" count="1" type="stmt"/>
      <line num="1061" count="1" type="stmt"/>
      <line num="1062" count="1" type="stmt"/>
      <line num="1064" count="1" type="cond" truecount="3" falsecount="1"/>
      <line num="1065" count="0" type="stmt"/>
      <line num="1070" count="1" type="cond" truecount="1" falsecount="1"/>
      <line num="1071" count="0" type="stmt"/>
      <line num="1074" count="1" type="stmt"/>
      <line num="1075" count="1" type="stmt"/>
      <line num="1080" count="1" type="cond" truecount="1" falsecount="1"/>
      <line num="1081" count="0" type="stmt"/>
      <line num="1084" count="1" type="stmt"/>
      <line num="1089" count="1" type="stmt"/>
      <line num="1091" count="0" type="stmt"/>
      <line num="1092" count="0" type="stmt"/>
      <line num="1096" count="1" type="stmt"/>
      <line num="1097" count="1" type="stmt"/>
      <line num="1098" count="1" type="stmt"/>
      <line num="1100" count="1" type="cond" truecount="3" falsecount="1"/>
      <line num="1101" count="0" type="stmt"/>
      <line num="1106" count="1" type="stmt"/>
      <line num="1107" count="1" type="stmt"/>
      <line num="1114" count="1" type="cond" truecount="1" falsecount="1"/>
      <line num="1115" count="0" type="stmt"/>
      <line num="1118" count="1" type="stmt"/>
      <line num="1120" count="0" type="stmt"/>
      <line num="1121" count="0" type="stmt"/>
      <line num="1126" count="1" type="stmt"/>
      <line num="1127" count="0" type="stmt"/>
      <line num="1128" count="0" type="stmt"/>
      <line num="1132" count="1" type="cond" truecount="1" falsecount="1"/>
      <line num="1133" count="0" type="cond" truecount="0" falsecount="2"/>
      <line num="1134" count="0" type="stmt"/>
      <line num="1137" count="1" type="stmt"/>
    </file>
  </project>
</coverage>
