{"C:\\Users\\Justin\\Desktop\\SDP Final Backend\\SDP-BackEnd\\server.js": {"path":"C:\\Users\\Justin\\Desktop\\SDP Final Backend\\SDP-BackEnd\\server.js","statementMap":{"0":{"start":{"line":1,"column":0},"end":{"line":1,"column":27}},"1":{"start":{"line":2,"column":16},"end":{"line":2,"column":34}},"2":{"start":{"line":3,"column":17},"end":{"line":3,"column":30}},"3":{"start":{"line":4,"column":41},"end":{"line":4,"column":66}},"4":{"start":{"line":5,"column":24},"end":{"line":5,"column":56}},"5":{"start":{"line":6,"column":13},"end":{"line":6,"column":28}},"6":{"start":{"line":8,"column":12},"end":{"line":8,"column":21}},"7":{"start":{"line":9,"column":0},"end":{"line":9,"column":24}},"8":{"start":{"line":12,"column":0},"end":{"line":14,"column":1}},"9":{"start":{"line":13,"column":2},"end":{"line":13,"column":29}},"10":{"start":{"line":16,"column":0},"end":{"line":26,"column":2}},"11":{"start":{"line":30,"column":2},"end":{"line":32,"column":30}},"12":{"start":{"line":34,"column":13},"end":{"line":43,"column":2}},"13":{"start":{"line":46,"column":17},"end":{"line":46,"column":41}},"14":{"start":{"line":48,"column":2},"end":{"line":50,"column":3}},"15":{"start":{"line":49,"column":4},"end":{"line":49,"column":62}},"16":{"start":{"line":52,"column":19},"end":{"line":55,"column":3}},"17":{"start":{"line":57,"column":2},"end":{"line":59,"column":3}},"18":{"start":{"line":58,"column":4},"end":{"line":58,"column":62}},"19":{"start":{"line":62,"column":2},"end":{"line":62,"column":30}},"20":{"start":{"line":63,"column":2},"end":{"line":63,"column":9}},"21":{"start":{"line":66,"column":0},"end":{"line":66,"column":26}},"22":{"start":{"line":69,"column":0},"end":{"line":71,"column":3}},"23":{"start":{"line":70,"column":2},"end":{"line":70,"column":49}},"24":{"start":{"line":73,"column":0},"end":{"line":73,"column":73}},"25":{"start":{"line":73,"column":25},"end":{"line":73,"column":71}},"26":{"start":{"line":74,"column":0},"end":{"line":74,"column":76}},"27":{"start":{"line":74,"column":26},"end":{"line":74,"column":74}},"28":{"start":{"line":78,"column":2},"end":{"line":78,"column":34}},"29":{"start":{"line":78,"column":17},"end":{"line":78,"column":34}},"30":{"start":{"line":81,"column":2},"end":{"line":82,"column":54}},"31":{"start":{"line":82,"column":4},"end":{"line":82,"column":54}},"32":{"start":{"line":82,"column":32},"end":{"line":82,"column":41}},"33":{"start":{"line":85,"column":18},"end":{"line":85,"column":47}},"34":{"start":{"line":86,"column":16},"end":{"line":86,"column":57}},"35":{"start":{"line":86,"column":47},"end":{"line":86,"column":56}},"36":{"start":{"line":87,"column":2},"end":{"line":87,"column":26}},"37":{"start":{"line":91,"column":0},"end":{"line":99,"column":3}},"38":{"start":{"line":92,"column":2},"end":{"line":98,"column":3}},"39":{"start":{"line":93,"column":19},"end":{"line":93,"column":51}},"40":{"start":{"line":94,"column":4},"end":{"line":94,"column":43}},"41":{"start":{"line":96,"column":4},"end":{"line":96,"column":50}},"42":{"start":{"line":97,"column":4},"end":{"line":97,"column":66}},"43":{"start":{"line":100,"column":19},"end":{"line":100,"column":21}},"44":{"start":{"line":102,"column":0},"end":{"line":112,"column":3}},"45":{"start":{"line":103,"column":18},"end":{"line":103,"column":26}},"46":{"start":{"line":104,"column":2},"end":{"line":104,"column":76}},"47":{"start":{"line":104,"column":12},"end":{"line":104,"column":76}},"48":{"start":{"line":105,"column":2},"end":{"line":111,"column":3}},"49":{"start":{"line":106,"column":19},"end":{"line":106,"column":40}},"50":{"start":{"line":107,"column":4},"end":{"line":107,"column":36}},"51":{"start":{"line":109,"column":4},"end":{"line":109,"column":41}},"52":{"start":{"line":110,"column":4},"end":{"line":110,"column":51}},"53":{"start":{"line":115,"column":0},"end":{"line":124,"column":3}},"54":{"start":{"line":116,"column":21},"end":{"line":116,"column":29}},"55":{"start":{"line":117,"column":2},"end":{"line":123,"column":3}},"56":{"start":{"line":118,"column":17},"end":{"line":118,"column":42}},"57":{"start":{"line":119,"column":4},"end":{"line":119,"column":34}},"58":{"start":{"line":121,"column":4},"end":{"line":121,"column":54}},"59":{"start":{"line":122,"column":4},"end":{"line":122,"column":65}},"60":{"start":{"line":127,"column":20},"end":{"line":127,"column":22}},"61":{"start":{"line":128,"column":2},"end":{"line":144,"column":3}},"62":{"start":{"line":129,"column":21},"end":{"line":132,"column":5}},"63":{"start":{"line":133,"column":19},"end":{"line":133,"column":34}},"64":{"start":{"line":134,"column":4},"end":{"line":134,"column":26}},"65":{"start":{"line":134,"column":17},"end":{"line":134,"column":26}},"66":{"start":{"line":135,"column":17},"end":{"line":135,"column":56}},"67":{"start":{"line":136,"column":4},"end":{"line":143,"column":6}},"68":{"start":{"line":145,"column":2},"end":{"line":145,"column":19}},"69":{"start":{"line":149,"column":0},"end":{"line":185,"column":3}},"70":{"start":{"line":150,"column":17},"end":{"line":150,"column":48}},"71":{"start":{"line":151,"column":2},"end":{"line":184,"column":3}},"72":{"start":{"line":152,"column":21},"end":{"line":173,"column":5}},"73":{"start":{"line":175,"column":26},"end":{"line":178,"column":7}},"74":{"start":{"line":175,"column":43},"end":{"line":178,"column":5}},"75":{"start":{"line":180,"column":4},"end":{"line":180,"column":38}},"76":{"start":{"line":182,"column":4},"end":{"line":182,"column":63}},"77":{"start":{"line":183,"column":4},"end":{"line":183,"column":71}},"78":{"start":{"line":188,"column":0},"end":{"line":217,"column":3}},"79":{"start":{"line":189,"column":17},"end":{"line":189,"column":48}},"80":{"start":{"line":190,"column":2},"end":{"line":216,"column":3}},"81":{"start":{"line":191,"column":21},"end":{"line":211,"column":5}},"82":{"start":{"line":212,"column":4},"end":{"line":212,"column":23}},"83":{"start":{"line":214,"column":4},"end":{"line":214,"column":23}},"84":{"start":{"line":215,"column":4},"end":{"line":215,"column":70}},"85":{"start":{"line":220,"column":0},"end":{"line":242,"column":3}},"86":{"start":{"line":221,"column":51},"end":{"line":221,"column":59}},"87":{"start":{"line":222,"column":2},"end":{"line":225,"column":75}},"88":{"start":{"line":223,"column":4},"end":{"line":225,"column":75}},"89":{"start":{"line":227,"column":2},"end":{"line":241,"column":3}},"90":{"start":{"line":228,"column":26},"end":{"line":228,"column":74}},"91":{"start":{"line":229,"column":4},"end":{"line":236,"column":6}},"92":{"start":{"line":237,"column":4},"end":{"line":237,"column":32}},"93":{"start":{"line":239,"column":4},"end":{"line":239,"column":48}},"94":{"start":{"line":240,"column":4},"end":{"line":240,"column":56}},"95":{"start":{"line":244,"column":0},"end":{"line":264,"column":3}},"96":{"start":{"line":245,"column":37},"end":{"line":245,"column":45}},"97":{"start":{"line":246,"column":2},"end":{"line":247,"column":79}},"98":{"start":{"line":247,"column":4},"end":{"line":247,"column":79}},"99":{"start":{"line":249,"column":2},"end":{"line":263,"column":3}},"100":{"start":{"line":250,"column":4},"end":{"line":257,"column":6}},"101":{"start":{"line":259,"column":4},"end":{"line":259,"column":32}},"102":{"start":{"line":261,"column":4},"end":{"line":261,"column":23}},"103":{"start":{"line":262,"column":4},"end":{"line":262,"column":69}},"104":{"start":{"line":267,"column":0},"end":{"line":279,"column":3}},"105":{"start":{"line":268,"column":21},"end":{"line":268,"column":31}},"106":{"start":{"line":269,"column":2},"end":{"line":278,"column":3}},"107":{"start":{"line":270,"column":21},"end":{"line":273,"column":5}},"108":{"start":{"line":274,"column":4},"end":{"line":274,"column":40}},"109":{"start":{"line":276,"column":4},"end":{"line":276,"column":50}},"110":{"start":{"line":277,"column":4},"end":{"line":277,"column":60}},"111":{"start":{"line":281,"column":0},"end":{"line":294,"column":3}},"112":{"start":{"line":282,"column":32},"end":{"line":282,"column":40}},"113":{"start":{"line":283,"column":2},"end":{"line":283,"column":76}},"114":{"start":{"line":283,"column":15},"end":{"line":283,"column":76}},"115":{"start":{"line":284,"column":2},"end":{"line":293,"column":3}},"116":{"start":{"line":285,"column":21},"end":{"line":288,"column":5}},"117":{"start":{"line":289,"column":4},"end":{"line":289,"column":32}},"118":{"start":{"line":291,"column":4},"end":{"line":291,"column":53}},"119":{"start":{"line":292,"column":4},"end":{"line":292,"column":61}},"120":{"start":{"line":297,"column":0},"end":{"line":307,"column":3}},"121":{"start":{"line":298,"column":2},"end":{"line":306,"column":3}},"122":{"start":{"line":299,"column":21},"end":{"line":301,"column":5}},"123":{"start":{"line":302,"column":4},"end":{"line":302,"column":31}},"124":{"start":{"line":304,"column":4},"end":{"line":304,"column":54}},"125":{"start":{"line":305,"column":4},"end":{"line":305,"column":62}},"126":{"start":{"line":311,"column":0},"end":{"line":349,"column":3}},"127":{"start":{"line":312,"column":57},"end":{"line":312,"column":65}},"128":{"start":{"line":313,"column":2},"end":{"line":316,"column":64}},"129":{"start":{"line":314,"column":4},"end":{"line":316,"column":64}},"130":{"start":{"line":318,"column":2},"end":{"line":348,"column":3}},"131":{"start":{"line":320,"column":23},"end":{"line":324,"column":5}},"132":{"start":{"line":326,"column":25},"end":{"line":326,"column":53}},"133":{"start":{"line":329,"column":4},"end":{"line":332,"column":6}},"134":{"start":{"line":335,"column":4},"end":{"line":342,"column":5}},"135":{"start":{"line":336,"column":21},"end":{"line":338,"column":18}},"136":{"start":{"line":337,"column":21},"end":{"line":337,"column":54}},"137":{"start":{"line":339,"column":6},"end":{"line":341,"column":8}},"138":{"start":{"line":344,"column":4},"end":{"line":344,"column":57}},"139":{"start":{"line":346,"column":4},"end":{"line":346,"column":51}},"140":{"start":{"line":347,"column":4},"end":{"line":347,"column":59}},"141":{"start":{"line":351,"column":0},"end":{"line":381,"column":3}},"142":{"start":{"line":352,"column":17},"end":{"line":352,"column":48}},"143":{"start":{"line":354,"column":2},"end":{"line":380,"column":3}},"144":{"start":{"line":355,"column":22},"end":{"line":365,"column":5}},"145":{"start":{"line":367,"column":22},"end":{"line":367,"column":59}},"146":{"start":{"line":367,"column":48},"end":{"line":367,"column":58}},"147":{"start":{"line":369,"column":21},"end":{"line":369,"column":49}},"148":{"start":{"line":371,"column":26},"end":{"line":374,"column":7}},"149":{"start":{"line":371,"column":49},"end":{"line":374,"column":5}},"150":{"start":{"line":376,"column":4},"end":{"line":376,"column":41}},"151":{"start":{"line":378,"column":4},"end":{"line":378,"column":62}},"152":{"start":{"line":379,"column":4},"end":{"line":379,"column":63}},"153":{"start":{"line":383,"column":0},"end":{"line":412,"column":3}},"154":{"start":{"line":384,"column":17},"end":{"line":384,"column":48}},"155":{"start":{"line":385,"column":2},"end":{"line":411,"column":3}},"156":{"start":{"line":386,"column":19},"end":{"line":406,"column":5}},"157":{"start":{"line":407,"column":4},"end":{"line":407,"column":44}},"158":{"start":{"line":409,"column":4},"end":{"line":409,"column":64}},"159":{"start":{"line":410,"column":4},"end":{"line":410,"column":69}},"160":{"start":{"line":415,"column":0},"end":{"line":426,"column":3}},"161":{"start":{"line":416,"column":21},"end":{"line":416,"column":29}},"162":{"start":{"line":417,"column":2},"end":{"line":425,"column":3}},"163":{"start":{"line":418,"column":4},"end":{"line":420,"column":7}},"164":{"start":{"line":421,"column":4},"end":{"line":421,"column":32}},"165":{"start":{"line":423,"column":4},"end":{"line":423,"column":56}},"166":{"start":{"line":424,"column":4},"end":{"line":424,"column":61}},"167":{"start":{"line":429,"column":0},"end":{"line":438,"column":3}},"168":{"start":{"line":430,"column":21},"end":{"line":430,"column":29}},"169":{"start":{"line":431,"column":2},"end":{"line":437,"column":3}},"170":{"start":{"line":432,"column":4},"end":{"line":432,"column":69}},"171":{"start":{"line":433,"column":4},"end":{"line":433,"column":32}},"172":{"start":{"line":435,"column":4},"end":{"line":435,"column":56}},"173":{"start":{"line":436,"column":4},"end":{"line":436,"column":62}},"174":{"start":{"line":441,"column":0},"end":{"line":547,"column":3}},"175":{"start":{"line":442,"column":32},"end":{"line":442,"column":40}},"176":{"start":{"line":443,"column":2},"end":{"line":444,"column":74}},"177":{"start":{"line":444,"column":4},"end":{"line":444,"column":74}},"178":{"start":{"line":446,"column":2},"end":{"line":546,"column":3}},"179":{"start":{"line":448,"column":21},"end":{"line":456,"column":5}},"180":{"start":{"line":458,"column":4},"end":{"line":459,"column":75}},"181":{"start":{"line":459,"column":6},"end":{"line":459,"column":75}},"182":{"start":{"line":461,"column":4},"end":{"line":463,"column":5}},"183":{"start":{"line":462,"column":6},"end":{"line":462,"column":69}},"184":{"start":{"line":465,"column":21},"end":{"line":465,"column":37}},"185":{"start":{"line":468,"column":4},"end":{"line":475,"column":6}},"186":{"start":{"line":478,"column":38},"end":{"line":478,"column":69}},"187":{"start":{"line":479,"column":15},"end":{"line":479,"column":61}},"188":{"start":{"line":481,"column":22},"end":{"line":535,"column":10}},"189":{"start":{"line":482,"column":6},"end":{"line":534,"column":7}},"190":{"start":{"line":483,"column":23},"end":{"line":483,"column":43}},"191":{"start":{"line":484,"column":8},"end":{"line":484,"column":36}},"192":{"start":{"line":486,"column":38},"end":{"line":489,"column":9}},"193":{"start":{"line":490,"column":8},"end":{"line":490,"column":66}},"194":{"start":{"line":490,"column":29},"end":{"line":490,"column":66}},"195":{"start":{"line":492,"column":24},"end":{"line":492,"column":38}},"196":{"start":{"line":494,"column":8},"end":{"line":498,"column":10}},"197":{"start":{"line":500,"column":25},"end":{"line":503,"column":9}},"198":{"start":{"line":505,"column":29},"end":{"line":505,"column":56}},"199":{"start":{"line":507,"column":8},"end":{"line":517,"column":9}},"200":{"start":{"line":508,"column":10},"end":{"line":516,"column":12}},"201":{"start":{"line":519,"column":8},"end":{"line":521,"column":11}},"202":{"start":{"line":522,"column":8},"end":{"line":524,"column":11}},"203":{"start":{"line":526,"column":8},"end":{"line":526,"column":37}},"204":{"start":{"line":527,"column":8},"end":{"line":527,"column":25}},"205":{"start":{"line":528,"column":8},"end":{"line":528,"column":73}},"206":{"start":{"line":531,"column":8},"end":{"line":531,"column":37}},"207":{"start":{"line":533,"column":8},"end":{"line":533,"column":52}},"208":{"start":{"line":536,"column":4},"end":{"line":536,"column":38}},"209":{"start":{"line":537,"column":4},"end":{"line":542,"column":7}},"210":{"start":{"line":544,"column":4},"end":{"line":544,"column":23}},"211":{"start":{"line":545,"column":4},"end":{"line":545,"column":60}},"212":{"start":{"line":551,"column":0},"end":{"line":641,"column":3}},"213":{"start":{"line":552,"column":32},"end":{"line":552,"column":40}},"214":{"start":{"line":553,"column":2},"end":{"line":554,"column":74}},"215":{"start":{"line":554,"column":4},"end":{"line":554,"column":74}},"216":{"start":{"line":557,"column":2},"end":{"line":563,"column":3}},"217":{"start":{"line":558,"column":4},"end":{"line":558,"column":40}},"218":{"start":{"line":559,"column":4},"end":{"line":559,"column":33}},"219":{"start":{"line":560,"column":4},"end":{"line":562,"column":6}},"220":{"start":{"line":565,"column":17},"end":{"line":565,"column":37}},"221":{"start":{"line":566,"column":2},"end":{"line":640,"column":3}},"222":{"start":{"line":567,"column":4},"end":{"line":567,"column":32}},"223":{"start":{"line":569,"column":34},"end":{"line":572,"column":5}},"224":{"start":{"line":574,"column":4},"end":{"line":574,"column":77}},"225":{"start":{"line":574,"column":34},"end":{"line":574,"column":77}},"226":{"start":{"line":576,"column":20},"end":{"line":576,"column":34}},"227":{"start":{"line":578,"column":4},"end":{"line":578,"column":75}},"228":{"start":{"line":578,"column":30},"end":{"line":578,"column":75}},"229":{"start":{"line":580,"column":35},"end":{"line":583,"column":5}},"230":{"start":{"line":585,"column":21},"end":{"line":585,"column":45}},"231":{"start":{"line":587,"column":36},"end":{"line":592,"column":5}},"232":{"start":{"line":594,"column":21},"end":{"line":597,"column":5}},"233":{"start":{"line":599,"column":25},"end":{"line":599,"column":52}},"234":{"start":{"line":600,"column":4},"end":{"line":600,"column":30}},"235":{"start":{"line":601,"column":4},"end":{"line":611,"column":5}},"236":{"start":{"line":602,"column":6},"end":{"line":610,"column":8}},"237":{"start":{"line":613,"column":28},"end":{"line":613,"column":60}},"238":{"start":{"line":615,"column":4},"end":{"line":618,"column":6}},"239":{"start":{"line":620,"column":32},"end":{"line":623,"column":5}},"240":{"start":{"line":625,"column":4},"end":{"line":629,"column":5}},"241":{"start":{"line":626,"column":6},"end":{"line":628,"column":9}},"242":{"start":{"line":631,"column":4},"end":{"line":631,"column":33}},"243":{"start":{"line":633,"column":4},"end":{"line":633,"column":59}},"244":{"start":{"line":635,"column":4},"end":{"line":635,"column":35}},"245":{"start":{"line":636,"column":4},"end":{"line":636,"column":51}},"246":{"start":{"line":637,"column":4},"end":{"line":637,"column":59}},"247":{"start":{"line":639,"column":4},"end":{"line":639,"column":21}},"248":{"start":{"line":643,"column":0},"end":{"line":680,"column":3}},"249":{"start":{"line":644,"column":32},"end":{"line":644,"column":40}},"250":{"start":{"line":646,"column":17},"end":{"line":646,"column":37}},"251":{"start":{"line":647,"column":2},"end":{"line":679,"column":3}},"252":{"start":{"line":648,"column":4},"end":{"line":648,"column":32}},"253":{"start":{"line":650,"column":34},"end":{"line":653,"column":5}},"254":{"start":{"line":655,"column":4},"end":{"line":658,"column":5}},"255":{"start":{"line":656,"column":6},"end":{"line":656,"column":37}},"256":{"start":{"line":657,"column":6},"end":{"line":657,"column":77}},"257":{"start":{"line":660,"column":36},"end":{"line":663,"column":5}},"258":{"start":{"line":665,"column":4},"end":{"line":669,"column":5}},"259":{"start":{"line":666,"column":6},"end":{"line":668,"column":9}},"260":{"start":{"line":671,"column":4},"end":{"line":671,"column":33}},"261":{"start":{"line":672,"column":4},"end":{"line":672,"column":72}},"262":{"start":{"line":674,"column":4},"end":{"line":674,"column":35}},"263":{"start":{"line":675,"column":4},"end":{"line":675,"column":56}},"264":{"start":{"line":676,"column":4},"end":{"line":676,"column":70}},"265":{"start":{"line":678,"column":4},"end":{"line":678,"column":21}},"266":{"start":{"line":682,"column":0},"end":{"line":717,"column":3}},"267":{"start":{"line":683,"column":43},"end":{"line":683,"column":51}},"268":{"start":{"line":685,"column":2},"end":{"line":716,"column":3}},"269":{"start":{"line":687,"column":31},"end":{"line":690,"column":5}},"270":{"start":{"line":692,"column":4},"end":{"line":693,"column":73}},"271":{"start":{"line":693,"column":6},"end":{"line":693,"column":73}},"272":{"start":{"line":695,"column":4},"end":{"line":705,"column":5}},"273":{"start":{"line":696,"column":23},"end":{"line":699,"column":7}},"274":{"start":{"line":700,"column":6},"end":{"line":704,"column":7}},"275":{"start":{"line":701,"column":8},"end":{"line":703,"column":65}},"276":{"start":{"line":707,"column":4},"end":{"line":710,"column":6}},"277":{"start":{"line":712,"column":4},"end":{"line":712,"column":45}},"278":{"start":{"line":714,"column":4},"end":{"line":714,"column":23}},"279":{"start":{"line":715,"column":4},"end":{"line":715,"column":60}},"280":{"start":{"line":721,"column":19},"end":{"line":724,"column":3}},"281":{"start":{"line":726,"column":17},"end":{"line":726,"column":43}},"282":{"start":{"line":726,"column":33},"end":{"line":726,"column":42}},"283":{"start":{"line":728,"column":2},"end":{"line":730,"column":3}},"284":{"start":{"line":729,"column":4},"end":{"line":729,"column":14}},"285":{"start":{"line":733,"column":20},"end":{"line":733,"column":45}},"286":{"start":{"line":736,"column":18},"end":{"line":742,"column":5}},"287":{"start":{"line":736,"column":39},"end":{"line":742,"column":3}},"288":{"start":{"line":744,"column":2},"end":{"line":744,"column":17}},"289":{"start":{"line":747,"column":0},"end":{"line":756,"column":3}},"290":{"start":{"line":748,"column":2},"end":{"line":755,"column":3}},"291":{"start":{"line":749,"column":19},"end":{"line":749,"column":32}},"292":{"start":{"line":750,"column":20},"end":{"line":750,"column":44}},"293":{"start":{"line":751,"column":4},"end":{"line":751,"column":22}},"294":{"start":{"line":753,"column":4},"end":{"line":753,"column":50}},"295":{"start":{"line":754,"column":4},"end":{"line":754,"column":63}},"296":{"start":{"line":758,"column":0},"end":{"line":774,"column":3}},"297":{"start":{"line":759,"column":21},"end":{"line":759,"column":31}},"298":{"start":{"line":761,"column":2},"end":{"line":773,"column":3}},"299":{"start":{"line":762,"column":19},"end":{"line":767,"column":5}},"300":{"start":{"line":769,"column":4},"end":{"line":769,"column":26}},"301":{"start":{"line":771,"column":4},"end":{"line":771,"column":57}},"302":{"start":{"line":772,"column":4},"end":{"line":772,"column":70}},"303":{"start":{"line":775,"column":0},"end":{"line":808,"column":3}},"304":{"start":{"line":776,"column":17},"end":{"line":776,"column":34}},"305":{"start":{"line":778,"column":2},"end":{"line":807,"column":3}},"306":{"start":{"line":779,"column":16},"end":{"line":790,"column":5}},"307":{"start":{"line":792,"column":19},"end":{"line":792,"column":50}},"308":{"start":{"line":794,"column":18},"end":{"line":801,"column":7}},"309":{"start":{"line":794,"column":42},"end":{"line":801,"column":5}},"310":{"start":{"line":803,"column":4},"end":{"line":803,"column":20}},"311":{"start":{"line":805,"column":4},"end":{"line":805,"column":55}},"312":{"start":{"line":806,"column":4},"end":{"line":806,"column":68}},"313":{"start":{"line":810,"column":0},"end":{"line":834,"column":3}},"314":{"start":{"line":811,"column":17},"end":{"line":811,"column":30}},"315":{"start":{"line":813,"column":2},"end":{"line":833,"column":3}},"316":{"start":{"line":814,"column":23},"end":{"line":816,"column":5}},"317":{"start":{"line":817,"column":24},"end":{"line":819,"column":5}},"318":{"start":{"line":821,"column":34},"end":{"line":824,"column":6}},"319":{"start":{"line":826,"column":4},"end":{"line":829,"column":7}},"320":{"start":{"line":831,"column":4},"end":{"line":831,"column":58}},"321":{"start":{"line":832,"column":4},"end":{"line":832,"column":71}},"322":{"start":{"line":837,"column":0},"end":{"line":863,"column":3}},"323":{"start":{"line":838,"column":17},"end":{"line":838,"column":30}},"324":{"start":{"line":840,"column":2},"end":{"line":862,"column":3}},"325":{"start":{"line":841,"column":16},"end":{"line":852,"column":5}},"326":{"start":{"line":854,"column":19},"end":{"line":854,"column":50}},"327":{"start":{"line":856,"column":4},"end":{"line":856,"column":36}},"328":{"start":{"line":858,"column":4},"end":{"line":858,"column":72}},"329":{"start":{"line":859,"column":4},"end":{"line":861,"column":72}},"330":{"start":{"line":865,"column":0},"end":{"line":901,"column":3}},"331":{"start":{"line":866,"column":17},"end":{"line":866,"column":30}},"332":{"start":{"line":868,"column":2},"end":{"line":870,"column":3}},"333":{"start":{"line":869,"column":4},"end":{"line":869,"column":66}},"334":{"start":{"line":872,"column":2},"end":{"line":900,"column":3}},"335":{"start":{"line":873,"column":18},"end":{"line":883,"column":5}},"336":{"start":{"line":885,"column":19},"end":{"line":885,"column":52}},"337":{"start":{"line":887,"column":18},"end":{"line":894,"column":7}},"338":{"start":{"line":887,"column":42},"end":{"line":894,"column":5}},"339":{"start":{"line":896,"column":4},"end":{"line":896,"column":24}},"340":{"start":{"line":898,"column":4},"end":{"line":898,"column":65}},"341":{"start":{"line":899,"column":4},"end":{"line":899,"column":78}},"342":{"start":{"line":903,"column":0},"end":{"line":937,"column":3}},"343":{"start":{"line":904,"column":17},"end":{"line":904,"column":30}},"344":{"start":{"line":906,"column":2},"end":{"line":908,"column":3}},"345":{"start":{"line":907,"column":4},"end":{"line":907,"column":66}},"346":{"start":{"line":910,"column":2},"end":{"line":936,"column":3}},"347":{"start":{"line":911,"column":18},"end":{"line":918,"column":5}},"348":{"start":{"line":920,"column":19},"end":{"line":920,"column":52}},"349":{"start":{"line":922,"column":18},"end":{"line":930,"column":7}},"350":{"start":{"line":922,"column":42},"end":{"line":930,"column":5}},"351":{"start":{"line":932,"column":4},"end":{"line":932,"column":24}},"352":{"start":{"line":934,"column":4},"end":{"line":934,"column":67}},"353":{"start":{"line":935,"column":4},"end":{"line":935,"column":80}},"354":{"start":{"line":939,"column":0},"end":{"line":975,"column":3}},"355":{"start":{"line":940,"column":17},"end":{"line":940,"column":30}},"356":{"start":{"line":941,"column":33},"end":{"line":941,"column":41}},"357":{"start":{"line":943,"column":2},"end":{"line":947,"column":3}},"358":{"start":{"line":944,"column":4},"end":{"line":946,"column":61}},"359":{"start":{"line":949,"column":2},"end":{"line":974,"column":3}},"360":{"start":{"line":950,"column":18},"end":{"line":954,"column":5}},"361":{"start":{"line":956,"column":19},"end":{"line":956,"column":72}},"362":{"start":{"line":958,"column":22},"end":{"line":958,"column":36}},"363":{"start":{"line":960,"column":26},"end":{"line":968,"column":5}},"364":{"start":{"line":970,"column":4},"end":{"line":970,"column":38}},"365":{"start":{"line":972,"column":4},"end":{"line":972,"column":45}},"366":{"start":{"line":973,"column":4},"end":{"line":973,"column":58}},"367":{"start":{"line":977,"column":0},"end":{"line":1012,"column":3}},"368":{"start":{"line":978,"column":17},"end":{"line":978,"column":30}},"369":{"start":{"line":979,"column":17},"end":{"line":979,"column":34}},"370":{"start":{"line":980,"column":33},"end":{"line":980,"column":41}},"371":{"start":{"line":982,"column":2},"end":{"line":986,"column":3}},"372":{"start":{"line":983,"column":4},"end":{"line":985,"column":65}},"373":{"start":{"line":988,"column":2},"end":{"line":1011,"column":3}},"374":{"start":{"line":989,"column":18},"end":{"line":994,"column":5}},"375":{"start":{"line":996,"column":19},"end":{"line":1001,"column":6}},"376":{"start":{"line":1003,"column":4},"end":{"line":1005,"column":5}},"377":{"start":{"line":1004,"column":6},"end":{"line":1004,"column":63}},"378":{"start":{"line":1007,"column":4},"end":{"line":1007,"column":39}},"379":{"start":{"line":1009,"column":4},"end":{"line":1009,"column":47}},"380":{"start":{"line":1010,"column":4},"end":{"line":1010,"column":61}},"381":{"start":{"line":1015,"column":0},"end":{"line":1037,"column":3}},"382":{"start":{"line":1016,"column":29},"end":{"line":1016,"column":39}},"383":{"start":{"line":1018,"column":2},"end":{"line":1036,"column":3}},"384":{"start":{"line":1019,"column":21},"end":{"line":1024,"column":5}},"385":{"start":{"line":1026,"column":4},"end":{"line":1030,"column":5}},"386":{"start":{"line":1027,"column":6},"end":{"line":1029,"column":64}},"387":{"start":{"line":1032,"column":4},"end":{"line":1032,"column":45}},"388":{"start":{"line":1034,"column":4},"end":{"line":1034,"column":47}},"389":{"start":{"line":1035,"column":4},"end":{"line":1035,"column":61}},"390":{"start":{"line":1039,"column":0},"end":{"line":1076,"column":3}},"391":{"start":{"line":1040,"column":29},"end":{"line":1040,"column":39}},"392":{"start":{"line":1042,"column":2},"end":{"line":1075,"column":3}},"393":{"start":{"line":1043,"column":18},"end":{"line":1048,"column":5}},"394":{"start":{"line":1050,"column":19},"end":{"line":1050,"column":60}},"395":{"start":{"line":1052,"column":4},"end":{"line":1056,"column":5}},"396":{"start":{"line":1053,"column":6},"end":{"line":1055,"column":64}},"397":{"start":{"line":1058,"column":24},"end":{"line":1058,"column":38}},"398":{"start":{"line":1060,"column":4},"end":{"line":1071,"column":7}},"399":{"start":{"line":1073,"column":4},"end":{"line":1073,"column":54}},"400":{"start":{"line":1074,"column":4},"end":{"line":1074,"column":67}},"401":{"start":{"line":1078,"column":0},"end":{"line":1118,"column":3}},"402":{"start":{"line":1079,"column":23},"end":{"line":1079,"column":32}},"403":{"start":{"line":1081,"column":2},"end":{"line":1083,"column":3}},"404":{"start":{"line":1082,"column":4},"end":{"line":1082,"column":73}},"405":{"start":{"line":1085,"column":2},"end":{"line":1117,"column":3}},"406":{"start":{"line":1087,"column":23},"end":{"line":1090,"column":6}},"407":{"start":{"line":1093,"column":18},"end":{"line":1111,"column":5}},"408":{"start":{"line":1096,"column":10},"end":{"line":1096,"column":70}},"409":{"start":{"line":1099,"column":27},"end":{"line":1102,"column":11}},"410":{"start":{"line":1103,"column":29},"end":{"line":1103,"column":44}},"411":{"start":{"line":1105,"column":10},"end":{"line":1109,"column":12}},"412":{"start":{"line":1113,"column":4},"end":{"line":1113,"column":24}},"413":{"start":{"line":1115,"column":4},"end":{"line":1115,"column":49}},"414":{"start":{"line":1116,"column":4},"end":{"line":1116,"column":62}},"415":{"start":{"line":1121,"column":0},"end":{"line":1172,"column":3}},"416":{"start":{"line":1122,"column":16},"end":{"line":1122,"column":47}},"417":{"start":{"line":1123,"column":24},"end":{"line":1123,"column":47}},"418":{"start":{"line":1125,"column":2},"end":{"line":1127,"column":3}},"419":{"start":{"line":1126,"column":4},"end":{"line":1126,"column":72}},"420":{"start":{"line":1129,"column":2},"end":{"line":1171,"column":3}},"421":{"start":{"line":1131,"column":36},"end":{"line":1134,"column":5}},"422":{"start":{"line":1135,"column":25},"end":{"line":1135,"column":60}},"423":{"start":{"line":1135,"column":50},"end":{"line":1135,"column":59}},"424":{"start":{"line":1138,"column":23},"end":{"line":1138,"column":55}},"425":{"start":{"line":1141,"column":21},"end":{"line":1148,"column":5}},"426":{"start":{"line":1151,"column":18},"end":{"line":1151,"column":20}},"427":{"start":{"line":1152,"column":4},"end":{"line":1165,"column":5}},"428":{"start":{"line":1153,"column":6},"end":{"line":1164,"column":7}},"429":{"start":{"line":1154,"column":21},"end":{"line":1154,"column":64}},"430":{"start":{"line":1155,"column":8},"end":{"line":1161,"column":11}},"431":{"start":{"line":1163,"column":8},"end":{"line":1163,"column":71}},"432":{"start":{"line":1167,"column":4},"end":{"line":1167,"column":24}},"433":{"start":{"line":1169,"column":4},"end":{"line":1169,"column":55}},"434":{"start":{"line":1170,"column":4},"end":{"line":1170,"column":68}},"435":{"start":{"line":1174,"column":0},"end":{"line":1219,"column":3}},"436":{"start":{"line":1175,"column":2},"end":{"line":1218,"column":3}},"437":{"start":{"line":1176,"column":21},"end":{"line":1178,"column":5}},"438":{"start":{"line":1180,"column":31},"end":{"line":1183,"column":5}},"439":{"start":{"line":1182,"column":23},"end":{"line":1182,"column":31}},"440":{"start":{"line":1185,"column":20},"end":{"line":1185,"column":22}},"441":{"start":{"line":1186,"column":4},"end":{"line":1188,"column":7}},"442":{"start":{"line":1187,"column":6},"end":{"line":1187,"column":35}},"443":{"start":{"line":1190,"column":22},"end":{"line":1190,"column":24}},"444":{"start":{"line":1191,"column":4},"end":{"line":1204,"column":6}},"445":{"start":{"line":1193,"column":8},"end":{"line":1202,"column":9}},"446":{"start":{"line":1194,"column":23},"end":{"line":1194,"column":62}},"447":{"start":{"line":1195,"column":10},"end":{"line":1199,"column":12}},"448":{"start":{"line":1201,"column":10},"end":{"line":1201,"column":66}},"449":{"start":{"line":1206,"column":26},"end":{"line":1212,"column":7}},"450":{"start":{"line":1206,"column":46},"end":{"line":1212,"column":5}},"451":{"start":{"line":1214,"column":4},"end":{"line":1214,"column":38}},"452":{"start":{"line":1216,"column":4},"end":{"line":1216,"column":56}},"453":{"start":{"line":1217,"column":4},"end":{"line":1217,"column":69}},"454":{"start":{"line":1221,"column":0},"end":{"line":1255,"column":3}},"455":{"start":{"line":1222,"column":21},"end":{"line":1222,"column":40}},"456":{"start":{"line":1223,"column":21},"end":{"line":1223,"column":44}},"457":{"start":{"line":1225,"column":2},"end":{"line":1229,"column":3}},"458":{"start":{"line":1226,"column":4},"end":{"line":1228,"column":61}},"459":{"start":{"line":1231,"column":2},"end":{"line":1233,"column":3}},"460":{"start":{"line":1232,"column":4},"end":{"line":1232,"column":69}},"461":{"start":{"line":1235,"column":2},"end":{"line":1254,"column":3}},"462":{"start":{"line":1236,"column":31},"end":{"line":1239,"column":5}},"463":{"start":{"line":1241,"column":4},"end":{"line":1243,"column":5}},"464":{"start":{"line":1242,"column":6},"end":{"line":1242,"column":76}},"465":{"start":{"line":1245,"column":21},"end":{"line":1248,"column":5}},"466":{"start":{"line":1250,"column":4},"end":{"line":1250,"column":68}},"467":{"start":{"line":1252,"column":4},"end":{"line":1252,"column":48}},"468":{"start":{"line":1253,"column":4},"end":{"line":1253,"column":61}},"469":{"start":{"line":1257,"column":0},"end":{"line":1284,"column":3}},"470":{"start":{"line":1258,"column":21},"end":{"line":1258,"column":40}},"471":{"start":{"line":1259,"column":21},"end":{"line":1259,"column":44}},"472":{"start":{"line":1261,"column":2},"end":{"line":1265,"column":3}},"473":{"start":{"line":1262,"column":4},"end":{"line":1264,"column":61}},"474":{"start":{"line":1267,"column":2},"end":{"line":1283,"column":3}},"475":{"start":{"line":1268,"column":21},"end":{"line":1273,"column":5}},"476":{"start":{"line":1275,"column":4},"end":{"line":1277,"column":5}},"477":{"start":{"line":1276,"column":6},"end":{"line":1276,"column":78}},"478":{"start":{"line":1279,"column":4},"end":{"line":1279,"column":70}},"479":{"start":{"line":1281,"column":4},"end":{"line":1281,"column":50}},"480":{"start":{"line":1282,"column":4},"end":{"line":1282,"column":63}},"481":{"start":{"line":1285,"column":0},"end":{"line":1318,"column":3}},"482":{"start":{"line":1286,"column":21},"end":{"line":1286,"column":31}},"483":{"start":{"line":1288,"column":2},"end":{"line":1317,"column":3}},"484":{"start":{"line":1289,"column":21},"end":{"line":1309,"column":5}},"485":{"start":{"line":1311,"column":4},"end":{"line":1311,"column":51}},"486":{"start":{"line":1313,"column":4},"end":{"line":1313,"column":55}},"487":{"start":{"line":1314,"column":4},"end":{"line":1316,"column":71}},"488":{"start":{"line":1320,"column":0},"end":{"line":1343,"column":3}},"489":{"start":{"line":1321,"column":30},"end":{"line":1321,"column":40}},"490":{"start":{"line":1323,"column":2},"end":{"line":1342,"column":3}},"491":{"start":{"line":1324,"column":21},"end":{"line":1330,"column":5}},"492":{"start":{"line":1332,"column":4},"end":{"line":1336,"column":5}},"493":{"start":{"line":1333,"column":6},"end":{"line":1335,"column":61}},"494":{"start":{"line":1338,"column":4},"end":{"line":1338,"column":55}},"495":{"start":{"line":1340,"column":4},"end":{"line":1340,"column":48}},"496":{"start":{"line":1341,"column":4},"end":{"line":1341,"column":77}},"497":{"start":{"line":1346,"column":0},"end":{"line":1349,"column":3}},"498":{"start":{"line":1347,"column":17},"end":{"line":1347,"column":32}},"499":{"start":{"line":1348,"column":2},"end":{"line":1348,"column":54}},"500":{"start":{"line":1352,"column":0},"end":{"line":1355,"column":1}},"501":{"start":{"line":1353,"column":15},"end":{"line":1353,"column":39}},"502":{"start":{"line":1354,"column":2},"end":{"line":1354,"column":72}},"503":{"start":{"line":1354,"column":25},"end":{"line":1354,"column":70}},"504":{"start":{"line":1357,"column":0},"end":{"line":1357,"column":31}}},"fnMap":{"0":{"name":"apiKeyMiddleware","decl":{"start":{"line":45,"column":15},"end":{"line":45,"column":31}},"loc":{"start":{"line":45,"column":48},"end":{"line":64,"column":1}},"line":45},"1":{"name":"(anonymous_1)","decl":{"start":{"line":69,"column":19},"end":{"line":69,"column":20}},"loc":{"start":{"line":69,"column":31},"end":{"line":71,"column":1}},"line":69},"2":{"name":"(anonymous_2)","decl":{"start":{"line":73,"column":19},"end":{"line":73,"column":20}},"loc":{"start":{"line":73,"column":25},"end":{"line":73,"column":71}},"line":73},"3":{"name":"(anonymous_3)","decl":{"start":{"line":74,"column":17},"end":{"line":74,"column":18}},"loc":{"start":{"line":74,"column":26},"end":{"line":74,"column":74}},"line":74},"4":{"name":"formatTimespan","decl":{"start":{"line":77,"column":9},"end":{"line":77,"column":23}},"loc":{"start":{"line":77,"column":34},"end":{"line":88,"column":1}},"line":77},"5":{"name":"(anonymous_5)","decl":{"start":{"line":82,"column":24},"end":{"line":82,"column":25}},"loc":{"start":{"line":82,"column":32},"end":{"line":82,"column":41}},"line":82},"6":{"name":"(anonymous_6)","decl":{"start":{"line":86,"column":39},"end":{"line":86,"column":40}},"loc":{"start":{"line":86,"column":47},"end":{"line":86,"column":56}},"line":86},"7":{"name":"(anonymous_7)","decl":{"start":{"line":91,"column":13},"end":{"line":91,"column":14}},"loc":{"start":{"line":91,"column":33},"end":{"line":99,"column":1}},"line":91},"8":{"name":"(anonymous_8)","decl":{"start":{"line":102,"column":19},"end":{"line":102,"column":20}},"loc":{"start":{"line":102,"column":39},"end":{"line":112,"column":1}},"line":102},"9":{"name":"(anonymous_9)","decl":{"start":{"line":115,"column":17},"end":{"line":115,"column":18}},"loc":{"start":{"line":115,"column":37},"end":{"line":124,"column":1}},"line":115},"10":{"name":"getUserData","decl":{"start":{"line":126,"column":15},"end":{"line":126,"column":26}},"loc":{"start":{"line":126,"column":35},"end":{"line":146,"column":1}},"line":126},"11":{"name":"(anonymous_11)","decl":{"start":{"line":149,"column":36},"end":{"line":149,"column":37}},"loc":{"start":{"line":149,"column":56},"end":{"line":185,"column":1}},"line":149},"12":{"name":"(anonymous_12)","decl":{"start":{"line":175,"column":35},"end":{"line":175,"column":36}},"loc":{"start":{"line":175,"column":43},"end":{"line":178,"column":5}},"line":175},"13":{"name":"(anonymous_13)","decl":{"start":{"line":188,"column":35},"end":{"line":188,"column":36}},"loc":{"start":{"line":188,"column":55},"end":{"line":217,"column":1}},"line":188},"14":{"name":"(anonymous_14)","decl":{"start":{"line":220,"column":25},"end":{"line":220,"column":26}},"loc":{"start":{"line":220,"column":45},"end":{"line":242,"column":1}},"line":220},"15":{"name":"(anonymous_15)","decl":{"start":{"line":244,"column":33},"end":{"line":244,"column":34}},"loc":{"start":{"line":244,"column":53},"end":{"line":264,"column":1}},"line":244},"16":{"name":"(anonymous_16)","decl":{"start":{"line":267,"column":25},"end":{"line":267,"column":26}},"loc":{"start":{"line":267,"column":45},"end":{"line":279,"column":1}},"line":267},"17":{"name":"(anonymous_17)","decl":{"start":{"line":281,"column":18},"end":{"line":281,"column":19}},"loc":{"start":{"line":281,"column":38},"end":{"line":294,"column":1}},"line":281},"18":{"name":"(anonymous_18)","decl":{"start":{"line":297,"column":19},"end":{"line":297,"column":20}},"loc":{"start":{"line":297,"column":39},"end":{"line":307,"column":1}},"line":297},"19":{"name":"(anonymous_19)","decl":{"start":{"line":311,"column":23},"end":{"line":311,"column":24}},"loc":{"start":{"line":311,"column":43},"end":{"line":349,"column":1}},"line":311},"20":{"name":"(anonymous_20)","decl":{"start":{"line":337,"column":13},"end":{"line":337,"column":14}},"loc":{"start":{"line":337,"column":21},"end":{"line":337,"column":54}},"line":337},"21":{"name":"(anonymous_21)","decl":{"start":{"line":351,"column":28},"end":{"line":351,"column":29}},"loc":{"start":{"line":351,"column":48},"end":{"line":381,"column":1}},"line":351},"22":{"name":"(anonymous_22)","decl":{"start":{"line":367,"column":41},"end":{"line":367,"column":42}},"loc":{"start":{"line":367,"column":48},"end":{"line":367,"column":58}},"line":367},"23":{"name":"(anonymous_23)","decl":{"start":{"line":371,"column":40},"end":{"line":371,"column":41}},"loc":{"start":{"line":371,"column":49},"end":{"line":374,"column":5}},"line":371},"24":{"name":"(anonymous_24)","decl":{"start":{"line":383,"column":34},"end":{"line":383,"column":35}},"loc":{"start":{"line":383,"column":54},"end":{"line":412,"column":1}},"line":383},"25":{"name":"(anonymous_25)","decl":{"start":{"line":415,"column":25},"end":{"line":415,"column":26}},"loc":{"start":{"line":415,"column":45},"end":{"line":426,"column":1}},"line":415},"26":{"name":"(anonymous_26)","decl":{"start":{"line":429,"column":26},"end":{"line":429,"column":27}},"loc":{"start":{"line":429,"column":46},"end":{"line":438,"column":1}},"line":429},"27":{"name":"(anonymous_27)","decl":{"start":{"line":441,"column":24},"end":{"line":441,"column":25}},"loc":{"start":{"line":441,"column":44},"end":{"line":547,"column":1}},"line":441},"28":{"name":"(anonymous_28)","decl":{"start":{"line":481,"column":33},"end":{"line":481,"column":34}},"loc":{"start":{"line":481,"column":45},"end":{"line":535,"column":5}},"line":481},"29":{"name":"(anonymous_29)","decl":{"start":{"line":551,"column":23},"end":{"line":551,"column":24}},"loc":{"start":{"line":551,"column":43},"end":{"line":641,"column":1}},"line":551},"30":{"name":"(anonymous_30)","decl":{"start":{"line":643,"column":36},"end":{"line":643,"column":37}},"loc":{"start":{"line":643,"column":56},"end":{"line":680,"column":1}},"line":643},"31":{"name":"(anonymous_31)","decl":{"start":{"line":682,"column":32},"end":{"line":682,"column":33}},"loc":{"start":{"line":682,"column":52},"end":{"line":717,"column":1}},"line":682},"32":{"name":"getFriends","decl":{"start":{"line":719,"column":15},"end":{"line":719,"column":25}},"loc":{"start":{"line":719,"column":34},"end":{"line":745,"column":1}},"line":719},"33":{"name":"(anonymous_33)","decl":{"start":{"line":726,"column":26},"end":{"line":726,"column":27}},"loc":{"start":{"line":726,"column":33},"end":{"line":726,"column":42}},"line":726},"34":{"name":"(anonymous_34)","decl":{"start":{"line":736,"column":29},"end":{"line":736,"column":30}},"loc":{"start":{"line":736,"column":39},"end":{"line":742,"column":3}},"line":736},"35":{"name":"(anonymous_35)","decl":{"start":{"line":747,"column":32},"end":{"line":747,"column":33}},"loc":{"start":{"line":747,"column":52},"end":{"line":756,"column":1}},"line":747},"36":{"name":"(anonymous_36)","decl":{"start":{"line":758,"column":34},"end":{"line":758,"column":35}},"loc":{"start":{"line":758,"column":54},"end":{"line":774,"column":1}},"line":758},"37":{"name":"(anonymous_37)","decl":{"start":{"line":775,"column":41},"end":{"line":775,"column":42}},"loc":{"start":{"line":775,"column":61},"end":{"line":808,"column":1}},"line":775},"38":{"name":"(anonymous_38)","decl":{"start":{"line":794,"column":34},"end":{"line":794,"column":35}},"loc":{"start":{"line":794,"column":42},"end":{"line":801,"column":5}},"line":794},"39":{"name":"(anonymous_39)","decl":{"start":{"line":810,"column":40},"end":{"line":810,"column":41}},"loc":{"start":{"line":810,"column":60},"end":{"line":834,"column":1}},"line":810},"40":{"name":"(anonymous_40)","decl":{"start":{"line":837,"column":33},"end":{"line":837,"column":34}},"loc":{"start":{"line":837,"column":53},"end":{"line":863,"column":1}},"line":837},"41":{"name":"(anonymous_41)","decl":{"start":{"line":865,"column":41},"end":{"line":865,"column":42}},"loc":{"start":{"line":865,"column":61},"end":{"line":901,"column":1}},"line":865},"42":{"name":"(anonymous_42)","decl":{"start":{"line":887,"column":34},"end":{"line":887,"column":35}},"loc":{"start":{"line":887,"column":42},"end":{"line":894,"column":5}},"line":887},"43":{"name":"(anonymous_43)","decl":{"start":{"line":903,"column":43},"end":{"line":903,"column":44}},"loc":{"start":{"line":903,"column":63},"end":{"line":937,"column":1}},"line":903},"44":{"name":"(anonymous_44)","decl":{"start":{"line":922,"column":34},"end":{"line":922,"column":35}},"loc":{"start":{"line":922,"column":42},"end":{"line":930,"column":5}},"line":922},"45":{"name":"(anonymous_45)","decl":{"start":{"line":939,"column":34},"end":{"line":939,"column":35}},"loc":{"start":{"line":939,"column":54},"end":{"line":975,"column":1}},"line":939},"46":{"name":"(anonymous_46)","decl":{"start":{"line":977,"column":42},"end":{"line":977,"column":43}},"loc":{"start":{"line":977,"column":62},"end":{"line":1012,"column":1}},"line":977},"47":{"name":"(anonymous_47)","decl":{"start":{"line":1015,"column":49},"end":{"line":1015,"column":50}},"loc":{"start":{"line":1015,"column":69},"end":{"line":1037,"column":1}},"line":1015},"48":{"name":"(anonymous_48)","decl":{"start":{"line":1039,"column":46},"end":{"line":1039,"column":47}},"loc":{"start":{"line":1039,"column":66},"end":{"line":1076,"column":1}},"line":1039},"49":{"name":"(anonymous_49)","decl":{"start":{"line":1078,"column":25},"end":{"line":1078,"column":26}},"loc":{"start":{"line":1078,"column":45},"end":{"line":1118,"column":1}},"line":1078},"50":{"name":"(anonymous_50)","decl":{"start":{"line":1095,"column":16},"end":{"line":1095,"column":17}},"loc":{"start":{"line":1096,"column":10},"end":{"line":1096,"column":70}},"line":1096},"51":{"name":"(anonymous_51)","decl":{"start":{"line":1098,"column":13},"end":{"line":1098,"column":14}},"loc":{"start":{"line":1098,"column":29},"end":{"line":1110,"column":9}},"line":1098},"52":{"name":"(anonymous_52)","decl":{"start":{"line":1121,"column":25},"end":{"line":1121,"column":26}},"loc":{"start":{"line":1121,"column":45},"end":{"line":1172,"column":1}},"line":1121},"53":{"name":"(anonymous_53)","decl":{"start":{"line":1135,"column":43},"end":{"line":1135,"column":44}},"loc":{"start":{"line":1135,"column":50},"end":{"line":1135,"column":59}},"line":1135},"54":{"name":"(anonymous_54)","decl":{"start":{"line":1174,"column":26},"end":{"line":1174,"column":27}},"loc":{"start":{"line":1174,"column":46},"end":{"line":1219,"column":1}},"line":1174},"55":{"name":"(anonymous_55)","decl":{"start":{"line":1182,"column":16},"end":{"line":1182,"column":17}},"loc":{"start":{"line":1182,"column":23},"end":{"line":1182,"column":31}},"line":1182},"56":{"name":"(anonymous_56)","decl":{"start":{"line":1186,"column":21},"end":{"line":1186,"column":22}},"loc":{"start":{"line":1186,"column":28},"end":{"line":1188,"column":5}},"line":1186},"57":{"name":"(anonymous_57)","decl":{"start":{"line":1192,"column":34},"end":{"line":1192,"column":35}},"loc":{"start":{"line":1192,"column":62},"end":{"line":1203,"column":7}},"line":1192},"58":{"name":"(anonymous_58)","decl":{"start":{"line":1206,"column":35},"end":{"line":1206,"column":36}},"loc":{"start":{"line":1206,"column":46},"end":{"line":1212,"column":5}},"line":1206},"59":{"name":"(anonymous_59)","decl":{"start":{"line":1221,"column":24},"end":{"line":1221,"column":25}},"loc":{"start":{"line":1221,"column":44},"end":{"line":1255,"column":1}},"line":1221},"60":{"name":"(anonymous_60)","decl":{"start":{"line":1257,"column":26},"end":{"line":1257,"column":27}},"loc":{"start":{"line":1257,"column":46},"end":{"line":1284,"column":1}},"line":1257},"61":{"name":"(anonymous_61)","decl":{"start":{"line":1285,"column":33},"end":{"line":1285,"column":34}},"loc":{"start":{"line":1285,"column":53},"end":{"line":1318,"column":1}},"line":1285},"62":{"name":"(anonymous_62)","decl":{"start":{"line":1320,"column":40},"end":{"line":1320,"column":41}},"loc":{"start":{"line":1320,"column":60},"end":{"line":1343,"column":1}},"line":1320},"63":{"name":"(anonymous_63)","decl":{"start":{"line":1346,"column":37},"end":{"line":1346,"column":38}},"loc":{"start":{"line":1346,"column":57},"end":{"line":1349,"column":1}},"line":1346},"64":{"name":"(anonymous_64)","decl":{"start":{"line":1354,"column":19},"end":{"line":1354,"column":20}},"loc":{"start":{"line":1354,"column":25},"end":{"line":1354,"column":70}},"line":1354}},"branchMap":{"0":{"loc":{"start":{"line":12,"column":0},"end":{"line":14,"column":1}},"type":"if","locations":[{"start":{"line":12,"column":0},"end":{"line":14,"column":1}},{"start":{},"end":{}}],"line":12},"1":{"loc":{"start":{"line":30,"column":2},"end":{"line":32,"column":30}},"type":"cond-expr","locations":[{"start":{"line":31,"column":6},"end":{"line":31,"column":58}},{"start":{"line":32,"column":6},"end":{"line":32,"column":30}}],"line":30},"2":{"loc":{"start":{"line":37,"column":4},"end":{"line":39,"column":13}},"type":"cond-expr","locations":[{"start":{"line":38,"column":8},"end":{"line":38,"column":37}},{"start":{"line":39,"column":8},"end":{"line":39,"column":13}}],"line":37},"3":{"loc":{"start":{"line":48,"column":2},"end":{"line":50,"column":3}},"type":"if","locations":[{"start":{"line":48,"column":2},"end":{"line":50,"column":3}},{"start":{},"end":{}}],"line":48},"4":{"loc":{"start":{"line":57,"column":2},"end":{"line":59,"column":3}},"type":"if","locations":[{"start":{"line":57,"column":2},"end":{"line":59,"column":3}},{"start":{},"end":{}}],"line":57},"5":{"loc":{"start":{"line":78,"column":2},"end":{"line":78,"column":34}},"type":"if","locations":[{"start":{"line":78,"column":2},"end":{"line":78,"column":34}},{"start":{},"end":{}}],"line":78},"6":{"loc":{"start":{"line":81,"column":2},"end":{"line":82,"column":54}},"type":"if","locations":[{"start":{"line":81,"column":2},"end":{"line":82,"column":54}},{"start":{},"end":{}}],"line":81},"7":{"loc":{"start":{"line":104,"column":2},"end":{"line":104,"column":76}},"type":"if","locations":[{"start":{"line":104,"column":2},"end":{"line":104,"column":76}},{"start":{},"end":{}}],"line":104},"8":{"loc":{"start":{"line":134,"column":4},"end":{"line":134,"column":26}},"type":"if","locations":[{"start":{"line":134,"column":4},"end":{"line":134,"column":26}},{"start":{},"end":{}}],"line":134},"9":{"loc":{"start":{"line":222,"column":2},"end":{"line":225,"column":75}},"type":"if","locations":[{"start":{"line":222,"column":2},"end":{"line":225,"column":75}},{"start":{},"end":{}}],"line":222},"10":{"loc":{"start":{"line":222,"column":6},"end":{"line":222,"column":35}},"type":"binary-expr","locations":[{"start":{"line":222,"column":6},"end":{"line":222,"column":22}},{"start":{"line":222,"column":26},"end":{"line":222,"column":35}}],"line":222},"11":{"loc":{"start":{"line":228,"column":26},"end":{"line":228,"column":74}},"type":"cond-expr","locations":[{"start":{"line":228,"column":52},"end":{"line":228,"column":63}},{"start":{"line":228,"column":66},"end":{"line":228,"column":74}}],"line":228},"12":{"loc":{"start":{"line":246,"column":2},"end":{"line":247,"column":79}},"type":"if","locations":[{"start":{"line":246,"column":2},"end":{"line":247,"column":79}},{"start":{},"end":{}}],"line":246},"13":{"loc":{"start":{"line":246,"column":6},"end":{"line":246,"column":32}},"type":"binary-expr","locations":[{"start":{"line":246,"column":6},"end":{"line":246,"column":16}},{"start":{"line":246,"column":20},"end":{"line":246,"column":32}}],"line":246},"14":{"loc":{"start":{"line":274,"column":21},"end":{"line":274,"column":36}},"type":"binary-expr","locations":[{"start":{"line":274,"column":21},"end":{"line":274,"column":28}},{"start":{"line":274,"column":32},"end":{"line":274,"column":36}}],"line":274},"15":{"loc":{"start":{"line":283,"column":2},"end":{"line":283,"column":76}},"type":"if","locations":[{"start":{"line":283,"column":2},"end":{"line":283,"column":76}},{"start":{},"end":{}}],"line":283},"16":{"loc":{"start":{"line":287,"column":15},"end":{"line":287,"column":30}},"type":"binary-expr","locations":[{"start":{"line":287,"column":15},"end":{"line":287,"column":24}},{"start":{"line":287,"column":28},"end":{"line":287,"column":30}}],"line":287},"17":{"loc":{"start":{"line":313,"column":2},"end":{"line":316,"column":64}},"type":"if","locations":[{"start":{"line":313,"column":2},"end":{"line":316,"column":64}},{"start":{},"end":{}}],"line":313},"18":{"loc":{"start":{"line":313,"column":6},"end":{"line":313,"column":39}},"type":"binary-expr","locations":[{"start":{"line":313,"column":6},"end":{"line":313,"column":14}},{"start":{"line":313,"column":18},"end":{"line":313,"column":28}},{"start":{"line":313,"column":32},"end":{"line":313,"column":39}}],"line":313},"19":{"loc":{"start":{"line":335,"column":4},"end":{"line":342,"column":5}},"type":"if","locations":[{"start":{"line":335,"column":4},"end":{"line":342,"column":5}},{"start":{},"end":{}}],"line":335},"20":{"loc":{"start":{"line":335,"column":8},"end":{"line":335,"column":66}},"type":"binary-expr","locations":[{"start":{"line":335,"column":8},"end":{"line":335,"column":37}},{"start":{"line":335,"column":41},"end":{"line":335,"column":66}}],"line":335},"21":{"loc":{"start":{"line":373,"column":12},"end":{"line":373,"column":50}},"type":"binary-expr","locations":[{"start":{"line":373,"column":12},"end":{"line":373,"column":34}},{"start":{"line":373,"column":38},"end":{"line":373,"column":50}}],"line":373},"22":{"loc":{"start":{"line":443,"column":2},"end":{"line":444,"column":74}},"type":"if","locations":[{"start":{"line":443,"column":2},"end":{"line":444,"column":74}},{"start":{},"end":{}}],"line":443},"23":{"loc":{"start":{"line":443,"column":6},"end":{"line":443,"column":27}},"type":"binary-expr","locations":[{"start":{"line":443,"column":6},"end":{"line":443,"column":16}},{"start":{"line":443,"column":20},"end":{"line":443,"column":27}}],"line":443},"24":{"loc":{"start":{"line":458,"column":4},"end":{"line":459,"column":75}},"type":"if","locations":[{"start":{"line":458,"column":4},"end":{"line":459,"column":75}},{"start":{},"end":{}}],"line":458},"25":{"loc":{"start":{"line":461,"column":4},"end":{"line":463,"column":5}},"type":"if","locations":[{"start":{"line":461,"column":4},"end":{"line":463,"column":5}},{"start":{},"end":{}}],"line":461},"26":{"loc":{"start":{"line":490,"column":8},"end":{"line":490,"column":66}},"type":"if","locations":[{"start":{"line":490,"column":8},"end":{"line":490,"column":66}},{"start":{},"end":{}}],"line":490},"27":{"loc":{"start":{"line":505,"column":29},"end":{"line":505,"column":56}},"type":"binary-expr","locations":[{"start":{"line":505,"column":29},"end":{"line":505,"column":50}},{"start":{"line":505,"column":54},"end":{"line":505,"column":56}}],"line":505},"28":{"loc":{"start":{"line":553,"column":2},"end":{"line":554,"column":74}},"type":"if","locations":[{"start":{"line":553,"column":2},"end":{"line":554,"column":74}},{"start":{},"end":{}}],"line":553},"29":{"loc":{"start":{"line":553,"column":6},"end":{"line":553,"column":27}},"type":"binary-expr","locations":[{"start":{"line":553,"column":6},"end":{"line":553,"column":16}},{"start":{"line":553,"column":20},"end":{"line":553,"column":27}}],"line":553},"30":{"loc":{"start":{"line":557,"column":2},"end":{"line":563,"column":3}},"type":"if","locations":[{"start":{"line":557,"column":2},"end":{"line":563,"column":3}},{"start":{},"end":{}}],"line":557},"31":{"loc":{"start":{"line":574,"column":4},"end":{"line":574,"column":77}},"type":"if","locations":[{"start":{"line":574,"column":4},"end":{"line":574,"column":77}},{"start":{},"end":{}}],"line":574},"32":{"loc":{"start":{"line":578,"column":4},"end":{"line":578,"column":75}},"type":"if","locations":[{"start":{"line":578,"column":4},"end":{"line":578,"column":75}},{"start":{},"end":{}}],"line":578},"33":{"loc":{"start":{"line":599,"column":25},"end":{"line":599,"column":52}},"type":"binary-expr","locations":[{"start":{"line":599,"column":25},"end":{"line":599,"column":46}},{"start":{"line":599,"column":50},"end":{"line":599,"column":52}}],"line":599},"34":{"loc":{"start":{"line":625,"column":4},"end":{"line":629,"column":5}},"type":"if","locations":[{"start":{"line":625,"column":4},"end":{"line":629,"column":5}},{"start":{},"end":{}}],"line":625},"35":{"loc":{"start":{"line":655,"column":4},"end":{"line":658,"column":5}},"type":"if","locations":[{"start":{"line":655,"column":4},"end":{"line":658,"column":5}},{"start":{},"end":{}}],"line":655},"36":{"loc":{"start":{"line":665,"column":4},"end":{"line":669,"column":5}},"type":"if","locations":[{"start":{"line":665,"column":4},"end":{"line":669,"column":5}},{"start":{},"end":{}}],"line":665},"37":{"loc":{"start":{"line":692,"column":4},"end":{"line":693,"column":73}},"type":"if","locations":[{"start":{"line":692,"column":4},"end":{"line":693,"column":73}},{"start":{},"end":{}}],"line":692},"38":{"loc":{"start":{"line":695,"column":4},"end":{"line":705,"column":5}},"type":"if","locations":[{"start":{"line":695,"column":4},"end":{"line":705,"column":5}},{"start":{},"end":{}}],"line":695},"39":{"loc":{"start":{"line":700,"column":6},"end":{"line":704,"column":7}},"type":"if","locations":[{"start":{"line":700,"column":6},"end":{"line":704,"column":7}},{"start":{},"end":{}}],"line":700},"40":{"loc":{"start":{"line":728,"column":2},"end":{"line":730,"column":3}},"type":"if","locations":[{"start":{"line":728,"column":2},"end":{"line":730,"column":3}},{"start":{},"end":{}}],"line":728},"41":{"loc":{"start":{"line":868,"column":2},"end":{"line":870,"column":3}},"type":"if","locations":[{"start":{"line":868,"column":2},"end":{"line":870,"column":3}},{"start":{},"end":{}}],"line":868},"42":{"loc":{"start":{"line":906,"column":2},"end":{"line":908,"column":3}},"type":"if","locations":[{"start":{"line":906,"column":2},"end":{"line":908,"column":3}},{"start":{},"end":{}}],"line":906},"43":{"loc":{"start":{"line":926,"column":15},"end":{"line":926,"column":29}},"type":"cond-expr","locations":[{"start":{"line":926,"column":24},"end":{"line":926,"column":25}},{"start":{"line":926,"column":28},"end":{"line":926,"column":29}}],"line":926},"44":{"loc":{"start":{"line":943,"column":2},"end":{"line":947,"column":3}},"type":"if","locations":[{"start":{"line":943,"column":2},"end":{"line":947,"column":3}},{"start":{},"end":{}}],"line":943},"45":{"loc":{"start":{"line":943,"column":6},"end":{"line":943,"column":28}},"type":"binary-expr","locations":[{"start":{"line":943,"column":6},"end":{"line":943,"column":12}},{"start":{"line":943,"column":16},"end":{"line":943,"column":28}}],"line":943},"46":{"loc":{"start":{"line":982,"column":2},"end":{"line":986,"column":3}},"type":"if","locations":[{"start":{"line":982,"column":2},"end":{"line":986,"column":3}},{"start":{},"end":{}}],"line":982},"47":{"loc":{"start":{"line":982,"column":6},"end":{"line":982,"column":44}},"type":"binary-expr","locations":[{"start":{"line":982,"column":6},"end":{"line":982,"column":20}},{"start":{"line":982,"column":24},"end":{"line":982,"column":44}}],"line":982},"48":{"loc":{"start":{"line":1003,"column":4},"end":{"line":1005,"column":5}},"type":"if","locations":[{"start":{"line":1003,"column":4},"end":{"line":1005,"column":5}},{"start":{},"end":{}}],"line":1003},"49":{"loc":{"start":{"line":1026,"column":4},"end":{"line":1030,"column":5}},"type":"if","locations":[{"start":{"line":1026,"column":4},"end":{"line":1030,"column":5}},{"start":{},"end":{}}],"line":1026},"50":{"loc":{"start":{"line":1052,"column":4},"end":{"line":1056,"column":5}},"type":"if","locations":[{"start":{"line":1052,"column":4},"end":{"line":1056,"column":5}},{"start":{},"end":{}}],"line":1052},"51":{"loc":{"start":{"line":1067,"column":17},"end":{"line":1067,"column":41}},"type":"cond-expr","locations":[{"start":{"line":1067,"column":36},"end":{"line":1067,"column":37}},{"start":{"line":1067,"column":40},"end":{"line":1067,"column":41}}],"line":1067},"52":{"loc":{"start":{"line":1081,"column":2},"end":{"line":1083,"column":3}},"type":"if","locations":[{"start":{"line":1081,"column":2},"end":{"line":1083,"column":3}},{"start":{},"end":{}}],"line":1081},"53":{"loc":{"start":{"line":1122,"column":16},"end":{"line":1122,"column":47}},"type":"binary-expr","locations":[{"start":{"line":1122,"column":16},"end":{"line":1122,"column":41}},{"start":{"line":1122,"column":45},"end":{"line":1122,"column":47}}],"line":1122},"54":{"loc":{"start":{"line":1125,"column":2},"end":{"line":1127,"column":3}},"type":"if","locations":[{"start":{"line":1125,"column":2},"end":{"line":1127,"column":3}},{"start":{},"end":{}}],"line":1125},"55":{"loc":{"start":{"line":1209,"column":8},"end":{"line":1211,"column":19}},"type":"binary-expr","locations":[{"start":{"line":1209,"column":8},"end":{"line":1209,"column":41}},{"start":{"line":1210,"column":8},"end":{"line":1210,"column":40}},{"start":{"line":1211,"column":8},"end":{"line":1211,"column":19}}],"line":1209},"56":{"loc":{"start":{"line":1225,"column":2},"end":{"line":1229,"column":3}},"type":"if","locations":[{"start":{"line":1225,"column":2},"end":{"line":1229,"column":3}},{"start":{},"end":{}}],"line":1225},"57":{"loc":{"start":{"line":1225,"column":6},"end":{"line":1225,"column":32}},"type":"binary-expr","locations":[{"start":{"line":1225,"column":6},"end":{"line":1225,"column":17}},{"start":{"line":1225,"column":21},"end":{"line":1225,"column":32}}],"line":1225},"58":{"loc":{"start":{"line":1231,"column":2},"end":{"line":1233,"column":3}},"type":"if","locations":[{"start":{"line":1231,"column":2},"end":{"line":1233,"column":3}},{"start":{},"end":{}}],"line":1231},"59":{"loc":{"start":{"line":1241,"column":4},"end":{"line":1243,"column":5}},"type":"if","locations":[{"start":{"line":1241,"column":4},"end":{"line":1243,"column":5}},{"start":{},"end":{}}],"line":1241},"60":{"loc":{"start":{"line":1261,"column":2},"end":{"line":1265,"column":3}},"type":"if","locations":[{"start":{"line":1261,"column":2},"end":{"line":1265,"column":3}},{"start":{},"end":{}}],"line":1261},"61":{"loc":{"start":{"line":1261,"column":6},"end":{"line":1261,"column":32}},"type":"binary-expr","locations":[{"start":{"line":1261,"column":6},"end":{"line":1261,"column":17}},{"start":{"line":1261,"column":21},"end":{"line":1261,"column":32}}],"line":1261},"62":{"loc":{"start":{"line":1275,"column":4},"end":{"line":1277,"column":5}},"type":"if","locations":[{"start":{"line":1275,"column":4},"end":{"line":1277,"column":5}},{"start":{},"end":{}}],"line":1275},"63":{"loc":{"start":{"line":1332,"column":4},"end":{"line":1336,"column":5}},"type":"if","locations":[{"start":{"line":1332,"column":4},"end":{"line":1336,"column":5}},{"start":{},"end":{}}],"line":1332},"64":{"loc":{"start":{"line":1352,"column":0},"end":{"line":1355,"column":1}},"type":"if","locations":[{"start":{"line":1352,"column":0},"end":{"line":1355,"column":1}},{"start":{},"end":{}}],"line":1352},"65":{"loc":{"start":{"line":1353,"column":15},"end":{"line":1353,"column":39}},"type":"binary-expr","locations":[{"start":{"line":1353,"column":15},"end":{"line":1353,"column":31}},{"start":{"line":1353,"column":35},"end":{"line":1353,"column":39}}],"line":1353}},"s":{"0":1,"1":1,"2":1,"3":1,"4":1,"5":1,"6":1,"7":1,"8":1,"9":0,"10":1,"11":1,"12":1,"13":18,"14":18,"15":1,"16":17,"17":17,"18":1,"19":16,"20":16,"21":1,"22":1,"23":0,"24":1,"25":0,"26":1,"27":0,"28":0,"29":0,"30":0,"31":0,"32":0,"33":0,"34":0,"35":0,"36":0,"37":1,"38":1,"39":1,"40":1,"41":0,"42":0,"43":1,"44":1,"45":2,"46":2,"47":1,"48":1,"49":1,"50":1,"51":0,"52":0,"53":1,"54":1,"55":1,"56":1,"57":1,"58":0,"59":0,"60":2,"61":2,"62":3,"63":3,"64":3,"65":0,"66":3,"67":3,"68":2,"69":1,"70":0,"71":0,"72":0,"73":0,"74":0,"75":0,"76":0,"77":0,"78":1,"79":0,"80":0,"81":0,"82":0,"83":0,"84":0,"85":1,"86":0,"87":0,"88":0,"89":0,"90":0,"91":0,"92":0,"93":0,"94":0,"95":1,"96":0,"97":0,"98":0,"99":0,"100":0,"101":0,"102":0,"103":0,"104":1,"105":0,"106":0,"107":0,"108":0,"109":0,"110":0,"111":1,"112":0,"113":0,"114":0,"115":0,"116":0,"117":0,"118":0,"119":0,"120":1,"121":0,"122":0,"123":0,"124":0,"125":0,"126":1,"127":0,"128":0,"129":0,"130":0,"131":0,"132":0,"133":0,"134":0,"135":0,"136":0,"137":0,"138":0,"139":0,"140":0,"141":1,"142":0,"143":0,"144":0,"145":0,"146":0,"147":0,"148":0,"149":0,"150":0,"151":0,"152":0,"153":1,"154":0,"155":0,"156":0,"157":0,"158":0,"159":0,"160":1,"161":0,"162":0,"163":0,"164":0,"165":0,"166":0,"167":1,"168":0,"169":0,"170":0,"171":0,"172":0,"173":0,"174":1,"175":0,"176":0,"177":0,"178":0,"179":0,"180":0,"181":0,"182":0,"183":0,"184":0,"185":0,"186":0,"187":0,"188":0,"189":0,"190":0,"191":0,"192":0,"193":0,"194":0,"195":0,"196":0,"197":0,"198":0,"199":0,"200":0,"201":0,"202":0,"203":0,"204":0,"205":0,"206":0,"207":0,"208":0,"209":0,"210":0,"211":0,"212":1,"213":0,"214":0,"215":0,"216":0,"217":0,"218":0,"219":0,"220":0,"221":0,"222":0,"223":0,"224":0,"225":0,"226":0,"227":0,"228":0,"229":0,"230":0,"231":0,"232":0,"233":0,"234":0,"235":0,"236":0,"237":0,"238":0,"239":0,"240":0,"241":0,"242":0,"243":0,"244":0,"245":0,"246":0,"247":0,"248":1,"249":0,"250":0,"251":0,"252":0,"253":0,"254":0,"255":0,"256":0,"257":0,"258":0,"259":0,"260":0,"261":0,"262":0,"263":0,"264":0,"265":0,"266":1,"267":0,"268":0,"269":0,"270":0,"271":0,"272":0,"273":0,"274":0,"275":0,"276":0,"277":0,"278":0,"279":0,"280":1,"281":1,"282":1,"283":1,"284":0,"285":1,"286":1,"287":1,"288":1,"289":1,"290":1,"291":1,"292":1,"293":1,"294":0,"295":0,"296":1,"297":1,"298":1,"299":1,"300":1,"301":0,"302":0,"303":1,"304":1,"305":1,"306":1,"307":1,"308":1,"309":2,"310":1,"311":0,"312":0,"313":1,"314":1,"315":1,"316":1,"317":1,"318":1,"319":1,"320":0,"321":0,"322":1,"323":0,"324":0,"325":0,"326":0,"327":0,"328":0,"329":0,"330":1,"331":0,"332":0,"333":0,"334":0,"335":0,"336":0,"337":0,"338":0,"339":0,"340":0,"341":0,"342":1,"343":0,"344":0,"345":0,"346":0,"347":0,"348":0,"349":0,"350":0,"351":0,"352":0,"353":0,"354":1,"355":1,"356":1,"357":1,"358":0,"359":1,"360":1,"361":1,"362":1,"363":1,"364":1,"365":0,"366":0,"367":1,"368":1,"369":1,"370":1,"371":1,"372":0,"373":1,"374":1,"375":1,"376":1,"377":0,"378":1,"379":0,"380":0,"381":1,"382":1,"383":1,"384":1,"385":1,"386":0,"387":1,"388":0,"389":0,"390":1,"391":1,"392":1,"393":1,"394":1,"395":1,"396":0,"397":1,"398":1,"399":0,"400":0,"401":1,"402":1,"403":1,"404":0,"405":1,"406":1,"407":1,"408":1,"409":1,"410":1,"411":1,"412":1,"413":0,"414":0,"415":1,"416":1,"417":1,"418":1,"419":0,"420":1,"421":1,"422":1,"423":1,"424":1,"425":1,"426":1,"427":1,"428":2,"429":2,"430":2,"431":0,"432":1,"433":0,"434":0,"435":1,"436":0,"437":0,"438":0,"439":0,"440":0,"441":0,"442":0,"443":0,"444":0,"445":0,"446":0,"447":0,"448":0,"449":0,"450":0,"451":0,"452":0,"453":0,"454":1,"455":1,"456":1,"457":1,"458":0,"459":1,"460":0,"461":1,"462":1,"463":1,"464":0,"465":1,"466":1,"467":0,"468":0,"469":1,"470":1,"471":1,"472":1,"473":0,"474":1,"475":1,"476":1,"477":0,"478":1,"479":0,"480":0,"481":1,"482":0,"483":0,"484":0,"485":0,"486":0,"487":0,"488":1,"489":0,"490":0,"491":0,"492":0,"493":0,"494":0,"495":0,"496":0,"497":1,"498":0,"499":0,"500":1,"501":0,"502":0,"503":0,"504":1},"f":{"0":18,"1":0,"2":0,"3":0,"4":0,"5":0,"6":0,"7":1,"8":2,"9":1,"10":2,"11":0,"12":0,"13":0,"14":0,"15":0,"16":0,"17":0,"18":0,"19":0,"20":0,"21":0,"22":0,"23":0,"24":0,"25":0,"26":0,"27":0,"28":0,"29":0,"30":0,"31":0,"32":1,"33":1,"34":1,"35":1,"36":1,"37":1,"38":2,"39":1,"40":0,"41":0,"42":0,"43":0,"44":0,"45":1,"46":1,"47":1,"48":1,"49":1,"50":1,"51":1,"52":1,"53":1,"54":0,"55":0,"56":0,"57":0,"58":0,"59":1,"60":1,"61":0,"62":0,"63":0,"64":0},"b":{"0":[0,1],"1":[1,0],"2":[0,1],"3":[1,17],"4":[1,16],"5":[0,0],"6":[0,0],"7":[1,1],"8":[0,3],"9":[0,0],"10":[0,0],"11":[0,0],"12":[0,0],"13":[0,0],"14":[0,0],"15":[0,0],"16":[0,0],"17":[0,0],"18":[0,0,0],"19":[0,0],"20":[0,0],"21":[0,0],"22":[0,0],"23":[0,0],"24":[0,0],"25":[0,0],"26":[0,0],"27":[0,0],"28":[0,0],"29":[0,0],"30":[0,0],"31":[0,0],"32":[0,0],"33":[0,0],"34":[0,0],"35":[0,0],"36":[0,0],"37":[0,0],"38":[0,0],"39":[0,0],"40":[0,1],"41":[0,0],"42":[0,0],"43":[0,0],"44":[0,1],"45":[1,1],"46":[0,1],"47":[1,1],"48":[0,1],"49":[0,1],"50":[0,1],"51":[1,0],"52":[0,1],"53":[1,0],"54":[0,1],"55":[0,0,0],"56":[0,1],"57":[1,1],"58":[0,1],"59":[0,1],"60":[0,1],"61":[1,1],"62":[0,1],"63":[0,0],"64":[0,1],"65":[0,0]},"_coverageSchema":"1a1c01bbd47fc00a2c39e90264f33305004495a9","hash":"88b0ab49835971aaedb08fc2e822ea567fbf5c89"}
}
