{"E:\\Projects\\SDP\\Railway\\server.js": {"path":"E:\\Projects\\SDP\\Railway\\server.js","statementMap":{"0":{"start":{"line":1,"column":0},"end":{"line":1,"column":27}},"1":{"start":{"line":2,"column":16},"end":{"line":2,"column":34}},"2":{"start":{"line":3,"column":17},"end":{"line":3,"column":30}},"3":{"start":{"line":4,"column":41},"end":{"line":4,"column":66}},"4":{"start":{"line":5,"column":24},"end":{"line":5,"column":56}},"5":{"start":{"line":6,"column":13},"end":{"line":6,"column":28}},"6":{"start":{"line":8,"column":12},"end":{"line":8,"column":21}},"7":{"start":{"line":9,"column":0},"end":{"line":9,"column":24}},"8":{"start":{"line":12,"column":0},"end":{"line":14,"column":1}},"9":{"start":{"line":13,"column":2},"end":{"line":13,"column":29}},"10":{"start":{"line":16,"column":0},"end":{"line":26,"column":2}},"11":{"start":{"line":30,"column":2},"end":{"line":32,"column":30}},"12":{"start":{"line":34,"column":13},"end":{"line":43,"column":2}},"13":{"start":{"line":48,"column":17},"end":{"line":48,"column":41}},"14":{"start":{"line":50,"column":2},"end":{"line":52,"column":3}},"15":{"start":{"line":51,"column":4},"end":{"line":51,"column":62}},"16":{"start":{"line":54,"column":19},"end":{"line":57,"column":3}},"17":{"start":{"line":59,"column":2},"end":{"line":61,"column":3}},"18":{"start":{"line":60,"column":4},"end":{"line":60,"column":62}},"19":{"start":{"line":64,"column":2},"end":{"line":64,"column":30}},"20":{"start":{"line":65,"column":2},"end":{"line":65,"column":9}},"21":{"start":{"line":68,"column":0},"end":{"line":68,"column":26}},"22":{"start":{"line":72,"column":0},"end":{"line":74,"column":3}},"23":{"start":{"line":73,"column":2},"end":{"line":73,"column":49}},"24":{"start":{"line":76,"column":0},"end":{"line":76,"column":73}},"25":{"start":{"line":76,"column":25},"end":{"line":76,"column":71}},"26":{"start":{"line":77,"column":0},"end":{"line":77,"column":76}},"27":{"start":{"line":77,"column":26},"end":{"line":77,"column":74}},"28":{"start":{"line":82,"column":2},"end":{"line":82,"column":34}},"29":{"start":{"line":82,"column":17},"end":{"line":82,"column":34}},"30":{"start":{"line":85,"column":2},"end":{"line":86,"column":54}},"31":{"start":{"line":86,"column":4},"end":{"line":86,"column":54}},"32":{"start":{"line":86,"column":32},"end":{"line":86,"column":41}},"33":{"start":{"line":89,"column":18},"end":{"line":89,"column":47}},"34":{"start":{"line":90,"column":16},"end":{"line":90,"column":57}},"35":{"start":{"line":90,"column":47},"end":{"line":90,"column":56}},"36":{"start":{"line":91,"column":2},"end":{"line":91,"column":26}},"37":{"start":{"line":95,"column":0},"end":{"line":103,"column":3}},"38":{"start":{"line":96,"column":2},"end":{"line":102,"column":3}},"39":{"start":{"line":97,"column":19},"end":{"line":97,"column":51}},"40":{"start":{"line":98,"column":4},"end":{"line":98,"column":43}},"41":{"start":{"line":100,"column":4},"end":{"line":100,"column":50}},"42":{"start":{"line":101,"column":4},"end":{"line":101,"column":66}},"43":{"start":{"line":104,"column":19},"end":{"line":104,"column":21}},"44":{"start":{"line":106,"column":0},"end":{"line":116,"column":3}},"45":{"start":{"line":107,"column":18},"end":{"line":107,"column":26}},"46":{"start":{"line":108,"column":2},"end":{"line":108,"column":76}},"47":{"start":{"line":108,"column":12},"end":{"line":108,"column":76}},"48":{"start":{"line":109,"column":2},"end":{"line":115,"column":3}},"49":{"start":{"line":110,"column":19},"end":{"line":110,"column":40}},"50":{"start":{"line":111,"column":4},"end":{"line":111,"column":36}},"51":{"start":{"line":113,"column":4},"end":{"line":113,"column":41}},"52":{"start":{"line":114,"column":4},"end":{"line":114,"column":51}},"53":{"start":{"line":119,"column":0},"end":{"line":128,"column":3}},"54":{"start":{"line":120,"column":21},"end":{"line":120,"column":29}},"55":{"start":{"line":121,"column":2},"end":{"line":127,"column":3}},"56":{"start":{"line":122,"column":17},"end":{"line":122,"column":42}},"57":{"start":{"line":123,"column":4},"end":{"line":123,"column":34}},"58":{"start":{"line":125,"column":4},"end":{"line":125,"column":54}},"59":{"start":{"line":126,"column":4},"end":{"line":126,"column":65}},"60":{"start":{"line":131,"column":20},"end":{"line":131,"column":22}},"61":{"start":{"line":132,"column":2},"end":{"line":148,"column":3}},"62":{"start":{"line":133,"column":21},"end":{"line":136,"column":5}},"63":{"start":{"line":137,"column":19},"end":{"line":137,"column":34}},"64":{"start":{"line":138,"column":4},"end":{"line":138,"column":26}},"65":{"start":{"line":138,"column":17},"end":{"line":138,"column":26}},"66":{"start":{"line":139,"column":17},"end":{"line":139,"column":56}},"67":{"start":{"line":140,"column":4},"end":{"line":147,"column":6}},"68":{"start":{"line":149,"column":2},"end":{"line":149,"column":19}},"69":{"start":{"line":153,"column":0},"end":{"line":187,"column":3}},"70":{"start":{"line":154,"column":17},"end":{"line":154,"column":48}},"71":{"start":{"line":155,"column":2},"end":{"line":186,"column":3}},"72":{"start":{"line":156,"column":21},"end":{"line":175,"column":5}},"73":{"start":{"line":177,"column":26},"end":{"line":180,"column":7}},"74":{"start":{"line":177,"column":43},"end":{"line":180,"column":5}},"75":{"start":{"line":182,"column":4},"end":{"line":182,"column":38}},"76":{"start":{"line":184,"column":4},"end":{"line":184,"column":63}},"77":{"start":{"line":185,"column":4},"end":{"line":185,"column":71}},"78":{"start":{"line":190,"column":0},"end":{"line":218,"column":3}},"79":{"start":{"line":191,"column":17},"end":{"line":191,"column":48}},"80":{"start":{"line":192,"column":2},"end":{"line":217,"column":3}},"81":{"start":{"line":193,"column":21},"end":{"line":212,"column":5}},"82":{"start":{"line":213,"column":4},"end":{"line":213,"column":23}},"83":{"start":{"line":215,"column":4},"end":{"line":215,"column":23}},"84":{"start":{"line":216,"column":4},"end":{"line":216,"column":70}},"85":{"start":{"line":221,"column":0},"end":{"line":243,"column":3}},"86":{"start":{"line":222,"column":40},"end":{"line":222,"column":48}},"87":{"start":{"line":223,"column":2},"end":{"line":226,"column":62}},"88":{"start":{"line":224,"column":4},"end":{"line":226,"column":62}},"89":{"start":{"line":228,"column":2},"end":{"line":242,"column":3}},"90":{"start":{"line":229,"column":26},"end":{"line":229,"column":74}},"91":{"start":{"line":230,"column":4},"end":{"line":237,"column":6}},"92":{"start":{"line":238,"column":4},"end":{"line":238,"column":32}},"93":{"start":{"line":240,"column":4},"end":{"line":240,"column":57}},"94":{"start":{"line":241,"column":4},"end":{"line":241,"column":65}},"95":{"start":{"line":245,"column":0},"end":{"line":265,"column":3}},"96":{"start":{"line":246,"column":37},"end":{"line":246,"column":45}},"97":{"start":{"line":247,"column":2},"end":{"line":248,"column":79}},"98":{"start":{"line":248,"column":4},"end":{"line":248,"column":79}},"99":{"start":{"line":250,"column":2},"end":{"line":264,"column":3}},"100":{"start":{"line":251,"column":4},"end":{"line":258,"column":6}},"101":{"start":{"line":260,"column":4},"end":{"line":260,"column":32}},"102":{"start":{"line":262,"column":4},"end":{"line":262,"column":23}},"103":{"start":{"line":263,"column":4},"end":{"line":263,"column":69}},"104":{"start":{"line":268,"column":0},"end":{"line":280,"column":3}},"105":{"start":{"line":269,"column":21},"end":{"line":269,"column":31}},"106":{"start":{"line":270,"column":2},"end":{"line":279,"column":3}},"107":{"start":{"line":271,"column":21},"end":{"line":274,"column":5}},"108":{"start":{"line":275,"column":4},"end":{"line":275,"column":40}},"109":{"start":{"line":277,"column":4},"end":{"line":277,"column":50}},"110":{"start":{"line":278,"column":4},"end":{"line":278,"column":60}},"111":{"start":{"line":282,"column":0},"end":{"line":295,"column":3}},"112":{"start":{"line":283,"column":32},"end":{"line":283,"column":40}},"113":{"start":{"line":284,"column":2},"end":{"line":284,"column":76}},"114":{"start":{"line":284,"column":15},"end":{"line":284,"column":76}},"115":{"start":{"line":285,"column":2},"end":{"line":294,"column":3}},"116":{"start":{"line":286,"column":21},"end":{"line":289,"column":5}},"117":{"start":{"line":290,"column":4},"end":{"line":290,"column":32}},"118":{"start":{"line":292,"column":4},"end":{"line":292,"column":53}},"119":{"start":{"line":293,"column":4},"end":{"line":293,"column":61}},"120":{"start":{"line":298,"column":0},"end":{"line":308,"column":3}},"121":{"start":{"line":299,"column":2},"end":{"line":307,"column":3}},"122":{"start":{"line":300,"column":21},"end":{"line":302,"column":5}},"123":{"start":{"line":303,"column":4},"end":{"line":303,"column":31}},"124":{"start":{"line":305,"column":4},"end":{"line":305,"column":54}},"125":{"start":{"line":306,"column":4},"end":{"line":306,"column":62}},"126":{"start":{"line":312,"column":0},"end":{"line":350,"column":3}},"127":{"start":{"line":313,"column":57},"end":{"line":313,"column":65}},"128":{"start":{"line":314,"column":2},"end":{"line":317,"column":64}},"129":{"start":{"line":315,"column":4},"end":{"line":317,"column":64}},"130":{"start":{"line":319,"column":2},"end":{"line":349,"column":3}},"131":{"start":{"line":321,"column":23},"end":{"line":325,"column":5}},"132":{"start":{"line":327,"column":25},"end":{"line":327,"column":53}},"133":{"start":{"line":330,"column":4},"end":{"line":333,"column":6}},"134":{"start":{"line":336,"column":4},"end":{"line":343,"column":5}},"135":{"start":{"line":337,"column":21},"end":{"line":339,"column":18}},"136":{"start":{"line":338,"column":21},"end":{"line":338,"column":54}},"137":{"start":{"line":340,"column":6},"end":{"line":342,"column":8}},"138":{"start":{"line":345,"column":4},"end":{"line":345,"column":57}},"139":{"start":{"line":347,"column":4},"end":{"line":347,"column":51}},"140":{"start":{"line":348,"column":4},"end":{"line":348,"column":59}},"141":{"start":{"line":352,"column":0},"end":{"line":382,"column":3}},"142":{"start":{"line":353,"column":17},"end":{"line":353,"column":48}},"143":{"start":{"line":355,"column":2},"end":{"line":381,"column":3}},"144":{"start":{"line":356,"column":22},"end":{"line":366,"column":5}},"145":{"start":{"line":368,"column":22},"end":{"line":368,"column":59}},"146":{"start":{"line":368,"column":48},"end":{"line":368,"column":58}},"147":{"start":{"line":370,"column":21},"end":{"line":370,"column":49}},"148":{"start":{"line":372,"column":26},"end":{"line":375,"column":7}},"149":{"start":{"line":372,"column":49},"end":{"line":375,"column":5}},"150":{"start":{"line":377,"column":4},"end":{"line":377,"column":41}},"151":{"start":{"line":379,"column":4},"end":{"line":379,"column":62}},"152":{"start":{"line":380,"column":4},"end":{"line":380,"column":63}},"153":{"start":{"line":384,"column":0},"end":{"line":413,"column":3}},"154":{"start":{"line":385,"column":17},"end":{"line":385,"column":48}},"155":{"start":{"line":386,"column":2},"end":{"line":412,"column":3}},"156":{"start":{"line":387,"column":19},"end":{"line":407,"column":5}},"157":{"start":{"line":408,"column":4},"end":{"line":408,"column":44}},"158":{"start":{"line":410,"column":4},"end":{"line":410,"column":64}},"159":{"start":{"line":411,"column":4},"end":{"line":411,"column":69}},"160":{"start":{"line":416,"column":0},"end":{"line":427,"column":3}},"161":{"start":{"line":417,"column":21},"end":{"line":417,"column":29}},"162":{"start":{"line":418,"column":2},"end":{"line":426,"column":3}},"163":{"start":{"line":419,"column":4},"end":{"line":421,"column":7}},"164":{"start":{"line":422,"column":4},"end":{"line":422,"column":32}},"165":{"start":{"line":424,"column":4},"end":{"line":424,"column":56}},"166":{"start":{"line":425,"column":4},"end":{"line":425,"column":61}},"167":{"start":{"line":430,"column":0},"end":{"line":439,"column":3}},"168":{"start":{"line":431,"column":21},"end":{"line":431,"column":29}},"169":{"start":{"line":432,"column":2},"end":{"line":438,"column":3}},"170":{"start":{"line":433,"column":4},"end":{"line":433,"column":69}},"171":{"start":{"line":434,"column":4},"end":{"line":434,"column":32}},"172":{"start":{"line":436,"column":4},"end":{"line":436,"column":56}},"173":{"start":{"line":437,"column":4},"end":{"line":437,"column":62}},"174":{"start":{"line":443,"column":0},"end":{"line":530,"column":3}},"175":{"start":{"line":444,"column":32},"end":{"line":444,"column":40}},"176":{"start":{"line":445,"column":2},"end":{"line":446,"column":74}},"177":{"start":{"line":446,"column":4},"end":{"line":446,"column":74}},"178":{"start":{"line":448,"column":2},"end":{"line":529,"column":3}},"179":{"start":{"line":450,"column":21},"end":{"line":458,"column":5}},"180":{"start":{"line":460,"column":4},"end":{"line":461,"column":75}},"181":{"start":{"line":461,"column":6},"end":{"line":461,"column":75}},"182":{"start":{"line":463,"column":4},"end":{"line":465,"column":5}},"183":{"start":{"line":464,"column":6},"end":{"line":464,"column":69}},"184":{"start":{"line":467,"column":21},"end":{"line":467,"column":37}},"185":{"start":{"line":470,"column":4},"end":{"line":477,"column":6}},"186":{"start":{"line":480,"column":38},"end":{"line":480,"column":69}},"187":{"start":{"line":481,"column":15},"end":{"line":481,"column":61}},"188":{"start":{"line":483,"column":22},"end":{"line":518,"column":10}},"189":{"start":{"line":484,"column":6},"end":{"line":517,"column":7}},"190":{"start":{"line":485,"column":23},"end":{"line":485,"column":43}},"191":{"start":{"line":486,"column":8},"end":{"line":486,"column":36}},"192":{"start":{"line":488,"column":38},"end":{"line":491,"column":9}},"193":{"start":{"line":492,"column":8},"end":{"line":492,"column":66}},"194":{"start":{"line":492,"column":29},"end":{"line":492,"column":66}},"195":{"start":{"line":494,"column":24},"end":{"line":494,"column":38}},"196":{"start":{"line":496,"column":8},"end":{"line":500,"column":10}},"197":{"start":{"line":502,"column":8},"end":{"line":504,"column":11}},"198":{"start":{"line":505,"column":8},"end":{"line":507,"column":11}},"199":{"start":{"line":509,"column":8},"end":{"line":509,"column":37}},"200":{"start":{"line":510,"column":8},"end":{"line":510,"column":25}},"201":{"start":{"line":511,"column":8},"end":{"line":511,"column":73}},"202":{"start":{"line":514,"column":8},"end":{"line":514,"column":37}},"203":{"start":{"line":516,"column":8},"end":{"line":516,"column":52}},"204":{"start":{"line":519,"column":4},"end":{"line":519,"column":38}},"205":{"start":{"line":520,"column":4},"end":{"line":525,"column":7}},"206":{"start":{"line":527,"column":4},"end":{"line":527,"column":23}},"207":{"start":{"line":528,"column":4},"end":{"line":528,"column":60}},"208":{"start":{"line":534,"column":0},"end":{"line":605,"column":3}},"209":{"start":{"line":535,"column":32},"end":{"line":535,"column":40}},"210":{"start":{"line":536,"column":2},"end":{"line":537,"column":74}},"211":{"start":{"line":537,"column":4},"end":{"line":537,"column":74}},"212":{"start":{"line":540,"column":2},"end":{"line":546,"column":3}},"213":{"start":{"line":541,"column":4},"end":{"line":541,"column":40}},"214":{"start":{"line":542,"column":4},"end":{"line":542,"column":33}},"215":{"start":{"line":543,"column":4},"end":{"line":545,"column":6}},"216":{"start":{"line":548,"column":17},"end":{"line":548,"column":37}},"217":{"start":{"line":549,"column":2},"end":{"line":604,"column":3}},"218":{"start":{"line":550,"column":4},"end":{"line":550,"column":32}},"219":{"start":{"line":552,"column":34},"end":{"line":555,"column":5}},"220":{"start":{"line":557,"column":4},"end":{"line":557,"column":77}},"221":{"start":{"line":557,"column":34},"end":{"line":557,"column":77}},"222":{"start":{"line":559,"column":20},"end":{"line":559,"column":34}},"223":{"start":{"line":561,"column":4},"end":{"line":561,"column":75}},"224":{"start":{"line":561,"column":30},"end":{"line":561,"column":75}},"225":{"start":{"line":563,"column":35},"end":{"line":566,"column":5}},"226":{"start":{"line":568,"column":21},"end":{"line":568,"column":45}},"227":{"start":{"line":570,"column":36},"end":{"line":575,"column":5}},"228":{"start":{"line":577,"column":28},"end":{"line":577,"column":60}},"229":{"start":{"line":579,"column":4},"end":{"line":582,"column":6}},"230":{"start":{"line":584,"column":32},"end":{"line":587,"column":5}},"231":{"start":{"line":589,"column":4},"end":{"line":593,"column":5}},"232":{"start":{"line":590,"column":6},"end":{"line":592,"column":9}},"233":{"start":{"line":595,"column":4},"end":{"line":595,"column":33}},"234":{"start":{"line":597,"column":4},"end":{"line":597,"column":59}},"235":{"start":{"line":599,"column":4},"end":{"line":599,"column":35}},"236":{"start":{"line":600,"column":4},"end":{"line":600,"column":51}},"237":{"start":{"line":601,"column":4},"end":{"line":601,"column":59}},"238":{"start":{"line":603,"column":4},"end":{"line":603,"column":21}},"239":{"start":{"line":609,"column":19},"end":{"line":612,"column":3}},"240":{"start":{"line":614,"column":17},"end":{"line":614,"column":43}},"241":{"start":{"line":614,"column":33},"end":{"line":614,"column":42}},"242":{"start":{"line":616,"column":2},"end":{"line":618,"column":3}},"243":{"start":{"line":617,"column":4},"end":{"line":617,"column":14}},"244":{"start":{"line":621,"column":20},"end":{"line":621,"column":45}},"245":{"start":{"line":624,"column":18},"end":{"line":630,"column":5}},"246":{"start":{"line":624,"column":39},"end":{"line":630,"column":3}},"247":{"start":{"line":632,"column":2},"end":{"line":632,"column":17}},"248":{"start":{"line":635,"column":0},"end":{"line":644,"column":3}},"249":{"start":{"line":636,"column":2},"end":{"line":643,"column":3}},"250":{"start":{"line":637,"column":19},"end":{"line":637,"column":32}},"251":{"start":{"line":638,"column":20},"end":{"line":638,"column":44}},"252":{"start":{"line":639,"column":4},"end":{"line":639,"column":22}},"253":{"start":{"line":641,"column":4},"end":{"line":641,"column":50}},"254":{"start":{"line":642,"column":4},"end":{"line":642,"column":63}},"255":{"start":{"line":646,"column":0},"end":{"line":662,"column":3}},"256":{"start":{"line":647,"column":21},"end":{"line":647,"column":31}},"257":{"start":{"line":649,"column":2},"end":{"line":661,"column":3}},"258":{"start":{"line":650,"column":19},"end":{"line":655,"column":5}},"259":{"start":{"line":657,"column":4},"end":{"line":657,"column":26}},"260":{"start":{"line":659,"column":4},"end":{"line":659,"column":57}},"261":{"start":{"line":660,"column":4},"end":{"line":660,"column":70}},"262":{"start":{"line":663,"column":0},"end":{"line":696,"column":3}},"263":{"start":{"line":664,"column":17},"end":{"line":664,"column":34}},"264":{"start":{"line":666,"column":2},"end":{"line":695,"column":3}},"265":{"start":{"line":667,"column":16},"end":{"line":678,"column":5}},"266":{"start":{"line":680,"column":19},"end":{"line":680,"column":50}},"267":{"start":{"line":682,"column":18},"end":{"line":689,"column":7}},"268":{"start":{"line":682,"column":42},"end":{"line":689,"column":5}},"269":{"start":{"line":691,"column":4},"end":{"line":691,"column":20}},"270":{"start":{"line":693,"column":4},"end":{"line":693,"column":55}},"271":{"start":{"line":694,"column":4},"end":{"line":694,"column":68}},"272":{"start":{"line":698,"column":0},"end":{"line":722,"column":3}},"273":{"start":{"line":699,"column":17},"end":{"line":699,"column":30}},"274":{"start":{"line":701,"column":2},"end":{"line":721,"column":3}},"275":{"start":{"line":702,"column":23},"end":{"line":704,"column":5}},"276":{"start":{"line":705,"column":24},"end":{"line":707,"column":5}},"277":{"start":{"line":709,"column":34},"end":{"line":712,"column":6}},"278":{"start":{"line":714,"column":4},"end":{"line":717,"column":7}},"279":{"start":{"line":719,"column":4},"end":{"line":719,"column":58}},"280":{"start":{"line":720,"column":4},"end":{"line":720,"column":71}},"281":{"start":{"line":725,"column":0},"end":{"line":751,"column":3}},"282":{"start":{"line":726,"column":17},"end":{"line":726,"column":30}},"283":{"start":{"line":728,"column":2},"end":{"line":750,"column":3}},"284":{"start":{"line":729,"column":16},"end":{"line":740,"column":5}},"285":{"start":{"line":742,"column":19},"end":{"line":742,"column":50}},"286":{"start":{"line":744,"column":4},"end":{"line":744,"column":36}},"287":{"start":{"line":746,"column":4},"end":{"line":746,"column":72}},"288":{"start":{"line":747,"column":4},"end":{"line":749,"column":72}},"289":{"start":{"line":753,"column":0},"end":{"line":789,"column":3}},"290":{"start":{"line":754,"column":17},"end":{"line":754,"column":30}},"291":{"start":{"line":756,"column":2},"end":{"line":758,"column":3}},"292":{"start":{"line":757,"column":4},"end":{"line":757,"column":66}},"293":{"start":{"line":760,"column":2},"end":{"line":788,"column":3}},"294":{"start":{"line":761,"column":18},"end":{"line":771,"column":5}},"295":{"start":{"line":773,"column":19},"end":{"line":773,"column":52}},"296":{"start":{"line":775,"column":18},"end":{"line":782,"column":7}},"297":{"start":{"line":775,"column":42},"end":{"line":782,"column":5}},"298":{"start":{"line":784,"column":4},"end":{"line":784,"column":24}},"299":{"start":{"line":786,"column":4},"end":{"line":786,"column":65}},"300":{"start":{"line":787,"column":4},"end":{"line":787,"column":78}},"301":{"start":{"line":791,"column":0},"end":{"line":825,"column":3}},"302":{"start":{"line":792,"column":17},"end":{"line":792,"column":30}},"303":{"start":{"line":794,"column":2},"end":{"line":796,"column":3}},"304":{"start":{"line":795,"column":4},"end":{"line":795,"column":66}},"305":{"start":{"line":798,"column":2},"end":{"line":824,"column":3}},"306":{"start":{"line":799,"column":18},"end":{"line":806,"column":5}},"307":{"start":{"line":808,"column":19},"end":{"line":808,"column":52}},"308":{"start":{"line":810,"column":18},"end":{"line":818,"column":7}},"309":{"start":{"line":810,"column":42},"end":{"line":818,"column":5}},"310":{"start":{"line":820,"column":4},"end":{"line":820,"column":24}},"311":{"start":{"line":822,"column":4},"end":{"line":822,"column":67}},"312":{"start":{"line":823,"column":4},"end":{"line":823,"column":80}},"313":{"start":{"line":827,"column":0},"end":{"line":863,"column":3}},"314":{"start":{"line":828,"column":17},"end":{"line":828,"column":30}},"315":{"start":{"line":829,"column":33},"end":{"line":829,"column":41}},"316":{"start":{"line":831,"column":2},"end":{"line":835,"column":3}},"317":{"start":{"line":832,"column":4},"end":{"line":834,"column":61}},"318":{"start":{"line":837,"column":2},"end":{"line":862,"column":3}},"319":{"start":{"line":838,"column":18},"end":{"line":842,"column":5}},"320":{"start":{"line":844,"column":19},"end":{"line":844,"column":72}},"321":{"start":{"line":846,"column":22},"end":{"line":846,"column":36}},"322":{"start":{"line":848,"column":26},"end":{"line":856,"column":5}},"323":{"start":{"line":858,"column":4},"end":{"line":858,"column":38}},"324":{"start":{"line":860,"column":4},"end":{"line":860,"column":45}},"325":{"start":{"line":861,"column":4},"end":{"line":861,"column":58}},"326":{"start":{"line":865,"column":0},"end":{"line":900,"column":3}},"327":{"start":{"line":866,"column":17},"end":{"line":866,"column":30}},"328":{"start":{"line":867,"column":17},"end":{"line":867,"column":34}},"329":{"start":{"line":868,"column":33},"end":{"line":868,"column":41}},"330":{"start":{"line":870,"column":2},"end":{"line":874,"column":3}},"331":{"start":{"line":871,"column":4},"end":{"line":873,"column":65}},"332":{"start":{"line":876,"column":2},"end":{"line":899,"column":3}},"333":{"start":{"line":877,"column":18},"end":{"line":882,"column":5}},"334":{"start":{"line":884,"column":19},"end":{"line":889,"column":6}},"335":{"start":{"line":891,"column":4},"end":{"line":893,"column":5}},"336":{"start":{"line":892,"column":6},"end":{"line":892,"column":63}},"337":{"start":{"line":895,"column":4},"end":{"line":895,"column":39}},"338":{"start":{"line":897,"column":4},"end":{"line":897,"column":47}},"339":{"start":{"line":898,"column":4},"end":{"line":898,"column":61}},"340":{"start":{"line":903,"column":0},"end":{"line":925,"column":3}},"341":{"start":{"line":904,"column":29},"end":{"line":904,"column":39}},"342":{"start":{"line":906,"column":2},"end":{"line":924,"column":3}},"343":{"start":{"line":907,"column":21},"end":{"line":912,"column":5}},"344":{"start":{"line":914,"column":4},"end":{"line":918,"column":5}},"345":{"start":{"line":915,"column":6},"end":{"line":917,"column":64}},"346":{"start":{"line":920,"column":4},"end":{"line":920,"column":45}},"347":{"start":{"line":922,"column":4},"end":{"line":922,"column":47}},"348":{"start":{"line":923,"column":4},"end":{"line":923,"column":61}},"349":{"start":{"line":927,"column":0},"end":{"line":964,"column":3}},"350":{"start":{"line":928,"column":29},"end":{"line":928,"column":39}},"351":{"start":{"line":930,"column":2},"end":{"line":963,"column":3}},"352":{"start":{"line":931,"column":18},"end":{"line":936,"column":5}},"353":{"start":{"line":938,"column":19},"end":{"line":938,"column":60}},"354":{"start":{"line":940,"column":4},"end":{"line":944,"column":5}},"355":{"start":{"line":941,"column":6},"end":{"line":943,"column":64}},"356":{"start":{"line":946,"column":24},"end":{"line":946,"column":38}},"357":{"start":{"line":948,"column":4},"end":{"line":959,"column":7}},"358":{"start":{"line":961,"column":4},"end":{"line":961,"column":54}},"359":{"start":{"line":962,"column":4},"end":{"line":962,"column":67}},"360":{"start":{"line":966,"column":0},"end":{"line":1004,"column":3}},"361":{"start":{"line":967,"column":23},"end":{"line":967,"column":32}},"362":{"start":{"line":969,"column":2},"end":{"line":971,"column":3}},"363":{"start":{"line":970,"column":4},"end":{"line":970,"column":73}},"364":{"start":{"line":973,"column":2},"end":{"line":1003,"column":3}},"365":{"start":{"line":975,"column":23},"end":{"line":978,"column":6}},"366":{"start":{"line":981,"column":18},"end":{"line":997,"column":5}},"367":{"start":{"line":983,"column":23},"end":{"line":983,"column":75}},"368":{"start":{"line":985,"column":27},"end":{"line":988,"column":11}},"369":{"start":{"line":989,"column":29},"end":{"line":989,"column":44}},"370":{"start":{"line":991,"column":10},"end":{"line":995,"column":12}},"371":{"start":{"line":999,"column":4},"end":{"line":999,"column":24}},"372":{"start":{"line":1001,"column":4},"end":{"line":1001,"column":49}},"373":{"start":{"line":1002,"column":4},"end":{"line":1002,"column":62}},"374":{"start":{"line":1007,"column":0},"end":{"line":1058,"column":3}},"375":{"start":{"line":1008,"column":16},"end":{"line":1008,"column":47}},"376":{"start":{"line":1009,"column":24},"end":{"line":1009,"column":47}},"377":{"start":{"line":1011,"column":2},"end":{"line":1013,"column":3}},"378":{"start":{"line":1012,"column":4},"end":{"line":1012,"column":72}},"379":{"start":{"line":1015,"column":2},"end":{"line":1057,"column":3}},"380":{"start":{"line":1017,"column":36},"end":{"line":1020,"column":5}},"381":{"start":{"line":1021,"column":25},"end":{"line":1021,"column":60}},"382":{"start":{"line":1021,"column":50},"end":{"line":1021,"column":59}},"383":{"start":{"line":1024,"column":23},"end":{"line":1024,"column":55}},"384":{"start":{"line":1027,"column":21},"end":{"line":1034,"column":5}},"385":{"start":{"line":1037,"column":18},"end":{"line":1037,"column":20}},"386":{"start":{"line":1038,"column":4},"end":{"line":1051,"column":5}},"387":{"start":{"line":1039,"column":6},"end":{"line":1050,"column":7}},"388":{"start":{"line":1040,"column":21},"end":{"line":1040,"column":64}},"389":{"start":{"line":1041,"column":8},"end":{"line":1047,"column":11}},"390":{"start":{"line":1049,"column":8},"end":{"line":1049,"column":71}},"391":{"start":{"line":1053,"column":4},"end":{"line":1053,"column":24}},"392":{"start":{"line":1055,"column":4},"end":{"line":1055,"column":55}},"393":{"start":{"line":1056,"column":4},"end":{"line":1056,"column":68}},"394":{"start":{"line":1060,"column":0},"end":{"line":1094,"column":3}},"395":{"start":{"line":1061,"column":21},"end":{"line":1061,"column":40}},"396":{"start":{"line":1062,"column":21},"end":{"line":1062,"column":44}},"397":{"start":{"line":1064,"column":2},"end":{"line":1068,"column":3}},"398":{"start":{"line":1065,"column":4},"end":{"line":1067,"column":61}},"399":{"start":{"line":1070,"column":2},"end":{"line":1072,"column":3}},"400":{"start":{"line":1071,"column":4},"end":{"line":1071,"column":69}},"401":{"start":{"line":1074,"column":2},"end":{"line":1093,"column":3}},"402":{"start":{"line":1075,"column":31},"end":{"line":1078,"column":5}},"403":{"start":{"line":1080,"column":4},"end":{"line":1082,"column":5}},"404":{"start":{"line":1081,"column":6},"end":{"line":1081,"column":76}},"405":{"start":{"line":1084,"column":21},"end":{"line":1087,"column":5}},"406":{"start":{"line":1089,"column":4},"end":{"line":1089,"column":68}},"407":{"start":{"line":1091,"column":4},"end":{"line":1091,"column":48}},"408":{"start":{"line":1092,"column":4},"end":{"line":1092,"column":61}},"409":{"start":{"line":1096,"column":0},"end":{"line":1123,"column":3}},"410":{"start":{"line":1097,"column":21},"end":{"line":1097,"column":40}},"411":{"start":{"line":1098,"column":21},"end":{"line":1098,"column":44}},"412":{"start":{"line":1100,"column":2},"end":{"line":1104,"column":3}},"413":{"start":{"line":1101,"column":4},"end":{"line":1103,"column":61}},"414":{"start":{"line":1106,"column":2},"end":{"line":1122,"column":3}},"415":{"start":{"line":1107,"column":21},"end":{"line":1112,"column":5}},"416":{"start":{"line":1114,"column":4},"end":{"line":1116,"column":5}},"417":{"start":{"line":1115,"column":6},"end":{"line":1115,"column":78}},"418":{"start":{"line":1118,"column":4},"end":{"line":1118,"column":70}},"419":{"start":{"line":1120,"column":4},"end":{"line":1120,"column":50}},"420":{"start":{"line":1121,"column":4},"end":{"line":1121,"column":63}},"421":{"start":{"line":1126,"column":0},"end":{"line":1129,"column":3}},"422":{"start":{"line":1127,"column":17},"end":{"line":1127,"column":32}},"423":{"start":{"line":1128,"column":2},"end":{"line":1128,"column":54}},"424":{"start":{"line":1132,"column":0},"end":{"line":1135,"column":1}},"425":{"start":{"line":1133,"column":15},"end":{"line":1133,"column":39}},"426":{"start":{"line":1134,"column":2},"end":{"line":1134,"column":72}},"427":{"start":{"line":1134,"column":25},"end":{"line":1134,"column":70}},"428":{"start":{"line":1137,"column":0},"end":{"line":1137,"column":31}}},"fnMap":{"0":{"name":"apiKeyMiddleware","decl":{"start":{"line":47,"column":15},"end":{"line":47,"column":31}},"loc":{"start":{"line":47,"column":48},"end":{"line":66,"column":1}},"line":47},"1":{"name":"(anonymous_1)","decl":{"start":{"line":72,"column":19},"end":{"line":72,"column":20}},"loc":{"start":{"line":72,"column":31},"end":{"line":74,"column":1}},"line":72},"2":{"name":"(anonymous_2)","decl":{"start":{"line":76,"column":19},"end":{"line":76,"column":20}},"loc":{"start":{"line":76,"column":25},"end":{"line":76,"column":71}},"line":76},"3":{"name":"(anonymous_3)","decl":{"start":{"line":77,"column":17},"end":{"line":77,"column":18}},"loc":{"start":{"line":77,"column":26},"end":{"line":77,"column":74}},"line":77},"4":{"name":"formatTimespan","decl":{"start":{"line":81,"column":9},"end":{"line":81,"column":23}},"loc":{"start":{"line":81,"column":34},"end":{"line":92,"column":1}},"line":81},"5":{"name":"(anonymous_5)","decl":{"start":{"line":86,"column":24},"end":{"line":86,"column":25}},"loc":{"start":{"line":86,"column":32},"end":{"line":86,"column":41}},"line":86},"6":{"name":"(anonymous_6)","decl":{"start":{"line":90,"column":39},"end":{"line":90,"column":40}},"loc":{"start":{"line":90,"column":47},"end":{"line":90,"column":56}},"line":90},"7":{"name":"(anonymous_7)","decl":{"start":{"line":95,"column":13},"end":{"line":95,"column":14}},"loc":{"start":{"line":95,"column":33},"end":{"line":103,"column":1}},"line":95},"8":{"name":"(anonymous_8)","decl":{"start":{"line":106,"column":19},"end":{"line":106,"column":20}},"loc":{"start":{"line":106,"column":39},"end":{"line":116,"column":1}},"line":106},"9":{"name":"(anonymous_9)","decl":{"start":{"line":119,"column":17},"end":{"line":119,"column":18}},"loc":{"start":{"line":119,"column":37},"end":{"line":128,"column":1}},"line":119},"10":{"name":"getUserData","decl":{"start":{"line":130,"column":15},"end":{"line":130,"column":26}},"loc":{"start":{"line":130,"column":35},"end":{"line":150,"column":1}},"line":130},"11":{"name":"(anonymous_11)","decl":{"start":{"line":153,"column":36},"end":{"line":153,"column":37}},"loc":{"start":{"line":153,"column":56},"end":{"line":187,"column":1}},"line":153},"12":{"name":"(anonymous_12)","decl":{"start":{"line":177,"column":35},"end":{"line":177,"column":36}},"loc":{"start":{"line":177,"column":43},"end":{"line":180,"column":5}},"line":177},"13":{"name":"(anonymous_13)","decl":{"start":{"line":190,"column":35},"end":{"line":190,"column":36}},"loc":{"start":{"line":190,"column":55},"end":{"line":218,"column":1}},"line":190},"14":{"name":"(anonymous_14)","decl":{"start":{"line":221,"column":29},"end":{"line":221,"column":30}},"loc":{"start":{"line":221,"column":49},"end":{"line":243,"column":1}},"line":221},"15":{"name":"(anonymous_15)","decl":{"start":{"line":245,"column":33},"end":{"line":245,"column":34}},"loc":{"start":{"line":245,"column":53},"end":{"line":265,"column":1}},"line":245},"16":{"name":"(anonymous_16)","decl":{"start":{"line":268,"column":25},"end":{"line":268,"column":26}},"loc":{"start":{"line":268,"column":45},"end":{"line":280,"column":1}},"line":268},"17":{"name":"(anonymous_17)","decl":{"start":{"line":282,"column":18},"end":{"line":282,"column":19}},"loc":{"start":{"line":282,"column":38},"end":{"line":295,"column":1}},"line":282},"18":{"name":"(anonymous_18)","decl":{"start":{"line":298,"column":19},"end":{"line":298,"column":20}},"loc":{"start":{"line":298,"column":39},"end":{"line":308,"column":1}},"line":298},"19":{"name":"(anonymous_19)","decl":{"start":{"line":312,"column":23},"end":{"line":312,"column":24}},"loc":{"start":{"line":312,"column":43},"end":{"line":350,"column":1}},"line":312},"20":{"name":"(anonymous_20)","decl":{"start":{"line":338,"column":13},"end":{"line":338,"column":14}},"loc":{"start":{"line":338,"column":21},"end":{"line":338,"column":54}},"line":338},"21":{"name":"(anonymous_21)","decl":{"start":{"line":352,"column":28},"end":{"line":352,"column":29}},"loc":{"start":{"line":352,"column":48},"end":{"line":382,"column":1}},"line":352},"22":{"name":"(anonymous_22)","decl":{"start":{"line":368,"column":41},"end":{"line":368,"column":42}},"loc":{"start":{"line":368,"column":48},"end":{"line":368,"column":58}},"line":368},"23":{"name":"(anonymous_23)","decl":{"start":{"line":372,"column":40},"end":{"line":372,"column":41}},"loc":{"start":{"line":372,"column":49},"end":{"line":375,"column":5}},"line":372},"24":{"name":"(anonymous_24)","decl":{"start":{"line":384,"column":34},"end":{"line":384,"column":35}},"loc":{"start":{"line":384,"column":54},"end":{"line":413,"column":1}},"line":384},"25":{"name":"(anonymous_25)","decl":{"start":{"line":416,"column":25},"end":{"line":416,"column":26}},"loc":{"start":{"line":416,"column":45},"end":{"line":427,"column":1}},"line":416},"26":{"name":"(anonymous_26)","decl":{"start":{"line":430,"column":26},"end":{"line":430,"column":27}},"loc":{"start":{"line":430,"column":46},"end":{"line":439,"column":1}},"line":430},"27":{"name":"(anonymous_27)","decl":{"start":{"line":443,"column":24},"end":{"line":443,"column":25}},"loc":{"start":{"line":443,"column":44},"end":{"line":530,"column":1}},"line":443},"28":{"name":"(anonymous_28)","decl":{"start":{"line":483,"column":33},"end":{"line":483,"column":34}},"loc":{"start":{"line":483,"column":45},"end":{"line":518,"column":5}},"line":483},"29":{"name":"(anonymous_29)","decl":{"start":{"line":534,"column":23},"end":{"line":534,"column":24}},"loc":{"start":{"line":534,"column":43},"end":{"line":605,"column":1}},"line":534},"30":{"name":"getFriends","decl":{"start":{"line":607,"column":15},"end":{"line":607,"column":25}},"loc":{"start":{"line":607,"column":34},"end":{"line":633,"column":1}},"line":607},"31":{"name":"(anonymous_31)","decl":{"start":{"line":614,"column":26},"end":{"line":614,"column":27}},"loc":{"start":{"line":614,"column":33},"end":{"line":614,"column":42}},"line":614},"32":{"name":"(anonymous_32)","decl":{"start":{"line":624,"column":29},"end":{"line":624,"column":30}},"loc":{"start":{"line":624,"column":39},"end":{"line":630,"column":3}},"line":624},"33":{"name":"(anonymous_33)","decl":{"start":{"line":635,"column":32},"end":{"line":635,"column":33}},"loc":{"start":{"line":635,"column":52},"end":{"line":644,"column":1}},"line":635},"34":{"name":"(anonymous_34)","decl":{"start":{"line":646,"column":34},"end":{"line":646,"column":35}},"loc":{"start":{"line":646,"column":54},"end":{"line":662,"column":1}},"line":646},"35":{"name":"(anonymous_35)","decl":{"start":{"line":663,"column":41},"end":{"line":663,"column":42}},"loc":{"start":{"line":663,"column":61},"end":{"line":696,"column":1}},"line":663},"36":{"name":"(anonymous_36)","decl":{"start":{"line":682,"column":34},"end":{"line":682,"column":35}},"loc":{"start":{"line":682,"column":42},"end":{"line":689,"column":5}},"line":682},"37":{"name":"(anonymous_37)","decl":{"start":{"line":698,"column":40},"end":{"line":698,"column":41}},"loc":{"start":{"line":698,"column":60},"end":{"line":722,"column":1}},"line":698},"38":{"name":"(anonymous_38)","decl":{"start":{"line":725,"column":33},"end":{"line":725,"column":34}},"loc":{"start":{"line":725,"column":53},"end":{"line":751,"column":1}},"line":725},"39":{"name":"(anonymous_39)","decl":{"start":{"line":753,"column":41},"end":{"line":753,"column":42}},"loc":{"start":{"line":753,"column":61},"end":{"line":789,"column":1}},"line":753},"40":{"name":"(anonymous_40)","decl":{"start":{"line":775,"column":34},"end":{"line":775,"column":35}},"loc":{"start":{"line":775,"column":42},"end":{"line":782,"column":5}},"line":775},"41":{"name":"(anonymous_41)","decl":{"start":{"line":791,"column":43},"end":{"line":791,"column":44}},"loc":{"start":{"line":791,"column":63},"end":{"line":825,"column":1}},"line":791},"42":{"name":"(anonymous_42)","decl":{"start":{"line":810,"column":34},"end":{"line":810,"column":35}},"loc":{"start":{"line":810,"column":42},"end":{"line":818,"column":5}},"line":810},"43":{"name":"(anonymous_43)","decl":{"start":{"line":827,"column":34},"end":{"line":827,"column":35}},"loc":{"start":{"line":827,"column":54},"end":{"line":863,"column":1}},"line":827},"44":{"name":"(anonymous_44)","decl":{"start":{"line":865,"column":42},"end":{"line":865,"column":43}},"loc":{"start":{"line":865,"column":62},"end":{"line":900,"column":1}},"line":865},"45":{"name":"(anonymous_45)","decl":{"start":{"line":903,"column":49},"end":{"line":903,"column":50}},"loc":{"start":{"line":903,"column":69},"end":{"line":925,"column":1}},"line":903},"46":{"name":"(anonymous_46)","decl":{"start":{"line":927,"column":46},"end":{"line":927,"column":47}},"loc":{"start":{"line":927,"column":66},"end":{"line":964,"column":1}},"line":927},"47":{"name":"(anonymous_47)","decl":{"start":{"line":966,"column":25},"end":{"line":966,"column":26}},"loc":{"start":{"line":966,"column":45},"end":{"line":1004,"column":1}},"line":966},"48":{"name":"(anonymous_48)","decl":{"start":{"line":983,"column":16},"end":{"line":983,"column":17}},"loc":{"start":{"line":983,"column":23},"end":{"line":983,"column":75}},"line":983},"49":{"name":"(anonymous_49)","decl":{"start":{"line":984,"column":13},"end":{"line":984,"column":14}},"loc":{"start":{"line":984,"column":29},"end":{"line":996,"column":9}},"line":984},"50":{"name":"(anonymous_50)","decl":{"start":{"line":1007,"column":25},"end":{"line":1007,"column":26}},"loc":{"start":{"line":1007,"column":45},"end":{"line":1058,"column":1}},"line":1007},"51":{"name":"(anonymous_51)","decl":{"start":{"line":1021,"column":43},"end":{"line":1021,"column":44}},"loc":{"start":{"line":1021,"column":50},"end":{"line":1021,"column":59}},"line":1021},"52":{"name":"(anonymous_52)","decl":{"start":{"line":1060,"column":24},"end":{"line":1060,"column":25}},"loc":{"start":{"line":1060,"column":44},"end":{"line":1094,"column":1}},"line":1060},"53":{"name":"(anonymous_53)","decl":{"start":{"line":1096,"column":26},"end":{"line":1096,"column":27}},"loc":{"start":{"line":1096,"column":46},"end":{"line":1123,"column":1}},"line":1096},"54":{"name":"(anonymous_54)","decl":{"start":{"line":1126,"column":37},"end":{"line":1126,"column":38}},"loc":{"start":{"line":1126,"column":57},"end":{"line":1129,"column":1}},"line":1126},"55":{"name":"(anonymous_55)","decl":{"start":{"line":1134,"column":19},"end":{"line":1134,"column":20}},"loc":{"start":{"line":1134,"column":25},"end":{"line":1134,"column":70}},"line":1134}},"branchMap":{"0":{"loc":{"start":{"line":12,"column":0},"end":{"line":14,"column":1}},"type":"if","locations":[{"start":{"line":12,"column":0},"end":{"line":14,"column":1}},{"start":{},"end":{}}],"line":12},"1":{"loc":{"start":{"line":30,"column":2},"end":{"line":32,"column":30}},"type":"cond-expr","locations":[{"start":{"line":31,"column":6},"end":{"line":31,"column":58}},{"start":{"line":32,"column":6},"end":{"line":32,"column":30}}],"line":30},"2":{"loc":{"start":{"line":37,"column":4},"end":{"line":39,"column":13}},"type":"cond-expr","locations":[{"start":{"line":38,"column":8},"end":{"line":38,"column":37}},{"start":{"line":39,"column":8},"end":{"line":39,"column":13}}],"line":37},"3":{"loc":{"start":{"line":50,"column":2},"end":{"line":52,"column":3}},"type":"if","locations":[{"start":{"line":50,"column":2},"end":{"line":52,"column":3}},{"start":{},"end":{}}],"line":50},"4":{"loc":{"start":{"line":59,"column":2},"end":{"line":61,"column":3}},"type":"if","locations":[{"start":{"line":59,"column":2},"end":{"line":61,"column":3}},{"start":{},"end":{}}],"line":59},"5":{"loc":{"start":{"line":82,"column":2},"end":{"line":82,"column":34}},"type":"if","locations":[{"start":{"line":82,"column":2},"end":{"line":82,"column":34}},{"start":{},"end":{}}],"line":82},"6":{"loc":{"start":{"line":85,"column":2},"end":{"line":86,"column":54}},"type":"if","locations":[{"start":{"line":85,"column":2},"end":{"line":86,"column":54}},{"start":{},"end":{}}],"line":85},"7":{"loc":{"start":{"line":108,"column":2},"end":{"line":108,"column":76}},"type":"if","locations":[{"start":{"line":108,"column":2},"end":{"line":108,"column":76}},{"start":{},"end":{}}],"line":108},"8":{"loc":{"start":{"line":138,"column":4},"end":{"line":138,"column":26}},"type":"if","locations":[{"start":{"line":138,"column":4},"end":{"line":138,"column":26}},{"start":{},"end":{}}],"line":138},"9":{"loc":{"start":{"line":223,"column":2},"end":{"line":226,"column":62}},"type":"if","locations":[{"start":{"line":223,"column":2},"end":{"line":226,"column":62}},{"start":{},"end":{}}],"line":223},"10":{"loc":{"start":{"line":223,"column":6},"end":{"line":223,"column":35}},"type":"binary-expr","locations":[{"start":{"line":223,"column":6},"end":{"line":223,"column":22}},{"start":{"line":223,"column":26},"end":{"line":223,"column":35}}],"line":223},"11":{"loc":{"start":{"line":229,"column":26},"end":{"line":229,"column":74}},"type":"cond-expr","locations":[{"start":{"line":229,"column":52},"end":{"line":229,"column":63}},{"start":{"line":229,"column":66},"end":{"line":229,"column":74}}],"line":229},"12":{"loc":{"start":{"line":247,"column":2},"end":{"line":248,"column":79}},"type":"if","locations":[{"start":{"line":247,"column":2},"end":{"line":248,"column":79}},{"start":{},"end":{}}],"line":247},"13":{"loc":{"start":{"line":247,"column":6},"end":{"line":247,"column":32}},"type":"binary-expr","locations":[{"start":{"line":247,"column":6},"end":{"line":247,"column":16}},{"start":{"line":247,"column":20},"end":{"line":247,"column":32}}],"line":247},"14":{"loc":{"start":{"line":275,"column":21},"end":{"line":275,"column":36}},"type":"binary-expr","locations":[{"start":{"line":275,"column":21},"end":{"line":275,"column":28}},{"start":{"line":275,"column":32},"end":{"line":275,"column":36}}],"line":275},"15":{"loc":{"start":{"line":284,"column":2},"end":{"line":284,"column":76}},"type":"if","locations":[{"start":{"line":284,"column":2},"end":{"line":284,"column":76}},{"start":{},"end":{}}],"line":284},"16":{"loc":{"start":{"line":288,"column":15},"end":{"line":288,"column":30}},"type":"binary-expr","locations":[{"start":{"line":288,"column":15},"end":{"line":288,"column":24}},{"start":{"line":288,"column":28},"end":{"line":288,"column":30}}],"line":288},"17":{"loc":{"start":{"line":314,"column":2},"end":{"line":317,"column":64}},"type":"if","locations":[{"start":{"line":314,"column":2},"end":{"line":317,"column":64}},{"start":{},"end":{}}],"line":314},"18":{"loc":{"start":{"line":314,"column":6},"end":{"line":314,"column":39}},"type":"binary-expr","locations":[{"start":{"line":314,"column":6},"end":{"line":314,"column":14}},{"start":{"line":314,"column":18},"end":{"line":314,"column":28}},{"start":{"line":314,"column":32},"end":{"line":314,"column":39}}],"line":314},"19":{"loc":{"start":{"line":336,"column":4},"end":{"line":343,"column":5}},"type":"if","locations":[{"start":{"line":336,"column":4},"end":{"line":343,"column":5}},{"start":{},"end":{}}],"line":336},"20":{"loc":{"start":{"line":336,"column":8},"end":{"line":336,"column":66}},"type":"binary-expr","locations":[{"start":{"line":336,"column":8},"end":{"line":336,"column":37}},{"start":{"line":336,"column":41},"end":{"line":336,"column":66}}],"line":336},"21":{"loc":{"start":{"line":374,"column":12},"end":{"line":374,"column":50}},"type":"binary-expr","locations":[{"start":{"line":374,"column":12},"end":{"line":374,"column":34}},{"start":{"line":374,"column":38},"end":{"line":374,"column":50}}],"line":374},"22":{"loc":{"start":{"line":445,"column":2},"end":{"line":446,"column":74}},"type":"if","locations":[{"start":{"line":445,"column":2},"end":{"line":446,"column":74}},{"start":{},"end":{}}],"line":445},"23":{"loc":{"start":{"line":445,"column":6},"end":{"line":445,"column":27}},"type":"binary-expr","locations":[{"start":{"line":445,"column":6},"end":{"line":445,"column":16}},{"start":{"line":445,"column":20},"end":{"line":445,"column":27}}],"line":445},"24":{"loc":{"start":{"line":460,"column":4},"end":{"line":461,"column":75}},"type":"if","locations":[{"start":{"line":460,"column":4},"end":{"line":461,"column":75}},{"start":{},"end":{}}],"line":460},"25":{"loc":{"start":{"line":463,"column":4},"end":{"line":465,"column":5}},"type":"if","locations":[{"start":{"line":463,"column":4},"end":{"line":465,"column":5}},{"start":{},"end":{}}],"line":463},"26":{"loc":{"start":{"line":492,"column":8},"end":{"line":492,"column":66}},"type":"if","locations":[{"start":{"line":492,"column":8},"end":{"line":492,"column":66}},{"start":{},"end":{}}],"line":492},"27":{"loc":{"start":{"line":536,"column":2},"end":{"line":537,"column":74}},"type":"if","locations":[{"start":{"line":536,"column":2},"end":{"line":537,"column":74}},{"start":{},"end":{}}],"line":536},"28":{"loc":{"start":{"line":536,"column":6},"end":{"line":536,"column":27}},"type":"binary-expr","locations":[{"start":{"line":536,"column":6},"end":{"line":536,"column":16}},{"start":{"line":536,"column":20},"end":{"line":536,"column":27}}],"line":536},"29":{"loc":{"start":{"line":540,"column":2},"end":{"line":546,"column":3}},"type":"if","locations":[{"start":{"line":540,"column":2},"end":{"line":546,"column":3}},{"start":{},"end":{}}],"line":540},"30":{"loc":{"start":{"line":557,"column":4},"end":{"line":557,"column":77}},"type":"if","locations":[{"start":{"line":557,"column":4},"end":{"line":557,"column":77}},{"start":{},"end":{}}],"line":557},"31":{"loc":{"start":{"line":561,"column":4},"end":{"line":561,"column":75}},"type":"if","locations":[{"start":{"line":561,"column":4},"end":{"line":561,"column":75}},{"start":{},"end":{}}],"line":561},"32":{"loc":{"start":{"line":589,"column":4},"end":{"line":593,"column":5}},"type":"if","locations":[{"start":{"line":589,"column":4},"end":{"line":593,"column":5}},{"start":{},"end":{}}],"line":589},"33":{"loc":{"start":{"line":616,"column":2},"end":{"line":618,"column":3}},"type":"if","locations":[{"start":{"line":616,"column":2},"end":{"line":618,"column":3}},{"start":{},"end":{}}],"line":616},"34":{"loc":{"start":{"line":756,"column":2},"end":{"line":758,"column":3}},"type":"if","locations":[{"start":{"line":756,"column":2},"end":{"line":758,"column":3}},{"start":{},"end":{}}],"line":756},"35":{"loc":{"start":{"line":794,"column":2},"end":{"line":796,"column":3}},"type":"if","locations":[{"start":{"line":794,"column":2},"end":{"line":796,"column":3}},{"start":{},"end":{}}],"line":794},"36":{"loc":{"start":{"line":814,"column":15},"end":{"line":814,"column":29}},"type":"cond-expr","locations":[{"start":{"line":814,"column":24},"end":{"line":814,"column":25}},{"start":{"line":814,"column":28},"end":{"line":814,"column":29}}],"line":814},"37":{"loc":{"start":{"line":831,"column":2},"end":{"line":835,"column":3}},"type":"if","locations":[{"start":{"line":831,"column":2},"end":{"line":835,"column":3}},{"start":{},"end":{}}],"line":831},"38":{"loc":{"start":{"line":831,"column":6},"end":{"line":831,"column":28}},"type":"binary-expr","locations":[{"start":{"line":831,"column":6},"end":{"line":831,"column":12}},{"start":{"line":831,"column":16},"end":{"line":831,"column":28}}],"line":831},"39":{"loc":{"start":{"line":870,"column":2},"end":{"line":874,"column":3}},"type":"if","locations":[{"start":{"line":870,"column":2},"end":{"line":874,"column":3}},{"start":{},"end":{}}],"line":870},"40":{"loc":{"start":{"line":870,"column":6},"end":{"line":870,"column":44}},"type":"binary-expr","locations":[{"start":{"line":870,"column":6},"end":{"line":870,"column":20}},{"start":{"line":870,"column":24},"end":{"line":870,"column":44}}],"line":870},"41":{"loc":{"start":{"line":891,"column":4},"end":{"line":893,"column":5}},"type":"if","locations":[{"start":{"line":891,"column":4},"end":{"line":893,"column":5}},{"start":{},"end":{}}],"line":891},"42":{"loc":{"start":{"line":914,"column":4},"end":{"line":918,"column":5}},"type":"if","locations":[{"start":{"line":914,"column":4},"end":{"line":918,"column":5}},{"start":{},"end":{}}],"line":914},"43":{"loc":{"start":{"line":940,"column":4},"end":{"line":944,"column":5}},"type":"if","locations":[{"start":{"line":940,"column":4},"end":{"line":944,"column":5}},{"start":{},"end":{}}],"line":940},"44":{"loc":{"start":{"line":955,"column":17},"end":{"line":955,"column":41}},"type":"cond-expr","locations":[{"start":{"line":955,"column":36},"end":{"line":955,"column":37}},{"start":{"line":955,"column":40},"end":{"line":955,"column":41}}],"line":955},"45":{"loc":{"start":{"line":969,"column":2},"end":{"line":971,"column":3}},"type":"if","locations":[{"start":{"line":969,"column":2},"end":{"line":971,"column":3}},{"start":{},"end":{}}],"line":969},"46":{"loc":{"start":{"line":1008,"column":16},"end":{"line":1008,"column":47}},"type":"binary-expr","locations":[{"start":{"line":1008,"column":16},"end":{"line":1008,"column":41}},{"start":{"line":1008,"column":45},"end":{"line":1008,"column":47}}],"line":1008},"47":{"loc":{"start":{"line":1011,"column":2},"end":{"line":1013,"column":3}},"type":"if","locations":[{"start":{"line":1011,"column":2},"end":{"line":1013,"column":3}},{"start":{},"end":{}}],"line":1011},"48":{"loc":{"start":{"line":1064,"column":2},"end":{"line":1068,"column":3}},"type":"if","locations":[{"start":{"line":1064,"column":2},"end":{"line":1068,"column":3}},{"start":{},"end":{}}],"line":1064},"49":{"loc":{"start":{"line":1064,"column":6},"end":{"line":1064,"column":32}},"type":"binary-expr","locations":[{"start":{"line":1064,"column":6},"end":{"line":1064,"column":17}},{"start":{"line":1064,"column":21},"end":{"line":1064,"column":32}}],"line":1064},"50":{"loc":{"start":{"line":1070,"column":2},"end":{"line":1072,"column":3}},"type":"if","locations":[{"start":{"line":1070,"column":2},"end":{"line":1072,"column":3}},{"start":{},"end":{}}],"line":1070},"51":{"loc":{"start":{"line":1080,"column":4},"end":{"line":1082,"column":5}},"type":"if","locations":[{"start":{"line":1080,"column":4},"end":{"line":1082,"column":5}},{"start":{},"end":{}}],"line":1080},"52":{"loc":{"start":{"line":1100,"column":2},"end":{"line":1104,"column":3}},"type":"if","locations":[{"start":{"line":1100,"column":2},"end":{"line":1104,"column":3}},{"start":{},"end":{}}],"line":1100},"53":{"loc":{"start":{"line":1100,"column":6},"end":{"line":1100,"column":32}},"type":"binary-expr","locations":[{"start":{"line":1100,"column":6},"end":{"line":1100,"column":17}},{"start":{"line":1100,"column":21},"end":{"line":1100,"column":32}}],"line":1100},"54":{"loc":{"start":{"line":1114,"column":4},"end":{"line":1116,"column":5}},"type":"if","locations":[{"start":{"line":1114,"column":4},"end":{"line":1116,"column":5}},{"start":{},"end":{}}],"line":1114},"55":{"loc":{"start":{"line":1132,"column":0},"end":{"line":1135,"column":1}},"type":"if","locations":[{"start":{"line":1132,"column":0},"end":{"line":1135,"column":1}},{"start":{},"end":{}}],"line":1132},"56":{"loc":{"start":{"line":1133,"column":15},"end":{"line":1133,"column":39}},"type":"binary-expr","locations":[{"start":{"line":1133,"column":15},"end":{"line":1133,"column":31}},{"start":{"line":1133,"column":35},"end":{"line":1133,"column":39}}],"line":1133}},"s":{"0":1,"1":1,"2":1,"3":1,"4":1,"5":1,"6":1,"7":1,"8":1,"9":0,"10":1,"11":1,"12":1,"13":18,"14":18,"15":1,"16":17,"17":17,"18":1,"19":16,"20":16,"21":1,"22":1,"23":0,"24":1,"25":0,"26":1,"27":0,"28":0,"29":0,"30":0,"31":0,"32":0,"33":0,"34":0,"35":0,"36":0,"37":1,"38":1,"39":1,"40":1,"41":0,"42":0,"43":1,"44":1,"45":2,"46":2,"47":1,"48":1,"49":1,"50":1,"51":0,"52":0,"53":1,"54":1,"55":1,"56":1,"57":1,"58":0,"59":0,"60":2,"61":2,"62":3,"63":3,"64":3,"65":0,"66":3,"67":3,"68":2,"69":1,"70":0,"71":0,"72":0,"73":0,"74":0,"75":0,"76":0,"77":0,"78":1,"79":0,"80":0,"81":0,"82":0,"83":0,"84":0,"85":1,"86":0,"87":0,"88":0,"89":0,"90":0,"91":0,"92":0,"93":0,"94":0,"95":1,"96":0,"97":0,"98":0,"99":0,"100":0,"101":0,"102":0,"103":0,"104":1,"105":0,"106":0,"107":0,"108":0,"109":0,"110":0,"111":1,"112":0,"113":0,"114":0,"115":0,"116":0,"117":0,"118":0,"119":0,"120":1,"121":0,"122":0,"123":0,"124":0,"125":0,"126":1,"127":0,"128":0,"129":0,"130":0,"131":0,"132":0,"133":0,"134":0,"135":0,"136":0,"137":0,"138":0,"139":0,"140":0,"141":1,"142":0,"143":0,"144":0,"145":0,"146":0,"147":0,"148":0,"149":0,"150":0,"151":0,"152":0,"153":1,"154":0,"155":0,"156":0,"157":0,"158":0,"159":0,"160":1,"161":0,"162":0,"163":0,"164":0,"165":0,"166":0,"167":1,"168":0,"169":0,"170":0,"171":0,"172":0,"173":0,"174":1,"175":0,"176":0,"177":0,"178":0,"179":0,"180":0,"181":0,"182":0,"183":0,"184":0,"185":0,"186":0,"187":0,"188":0,"189":0,"190":0,"191":0,"192":0,"193":0,"194":0,"195":0,"196":0,"197":0,"198":0,"199":0,"200":0,"201":0,"202":0,"203":0,"204":0,"205":0,"206":0,"207":0,"208":1,"209":0,"210":0,"211":0,"212":0,"213":0,"214":0,"215":0,"216":0,"217":0,"218":0,"219":0,"220":0,"221":0,"222":0,"223":0,"224":0,"225":0,"226":0,"227":0,"228":0,"229":0,"230":0,"231":0,"232":0,"233":0,"234":0,"235":0,"236":0,"237":0,"238":0,"239":1,"240":1,"241":1,"242":1,"243":0,"244":1,"245":1,"246":1,"247":1,"248":1,"249":1,"250":1,"251":1,"252":1,"253":0,"254":0,"255":1,"256":1,"257":1,"258":1,"259":1,"260":0,"261":0,"262":1,"263":1,"264":1,"265":1,"266":1,"267":1,"268":2,"269":1,"270":0,"271":0,"272":1,"273":1,"274":1,"275":1,"276":1,"277":1,"278":1,"279":0,"280":0,"281":1,"282":0,"283":0,"284":0,"285":0,"286":0,"287":0,"288":0,"289":1,"290":0,"291":0,"292":0,"293":0,"294":0,"295":0,"296":0,"297":0,"298":0,"299":0,"300":0,"301":1,"302":0,"303":0,"304":0,"305":0,"306":0,"307":0,"308":0,"309":0,"310":0,"311":0,"312":0,"313":1,"314":1,"315":1,"316":1,"317":0,"318":1,"319":1,"320":1,"321":1,"322":1,"323":1,"324":0,"325":0,"326":1,"327":1,"328":1,"329":1,"330":1,"331":0,"332":1,"333":1,"334":1,"335":1,"336":0,"337":1,"338":0,"339":0,"340":1,"341":1,"342":1,"343":1,"344":1,"345":0,"346":1,"347":0,"348":0,"349":1,"350":1,"351":1,"352":1,"353":1,"354":1,"355":0,"356":1,"357":1,"358":0,"359":0,"360":1,"361":1,"362":1,"363":0,"364":1,"365":1,"366":1,"367":1,"368":1,"369":1,"370":1,"371":1,"372":0,"373":0,"374":1,"375":1,"376":1,"377":1,"378":0,"379":1,"380":1,"381":1,"382":1,"383":1,"384":1,"385":1,"386":1,"387":2,"388":2,"389":2,"390":0,"391":1,"392":0,"393":0,"394":1,"395":1,"396":1,"397":1,"398":0,"399":1,"400":0,"401":1,"402":1,"403":1,"404":0,"405":1,"406":1,"407":0,"408":0,"409":1,"410":1,"411":1,"412":1,"413":0,"414":1,"415":1,"416":1,"417":0,"418":1,"419":0,"420":0,"421":1,"422":0,"423":0,"424":1,"425":0,"426":0,"427":0,"428":1},"f":{"0":18,"1":0,"2":0,"3":0,"4":0,"5":0,"6":0,"7":1,"8":2,"9":1,"10":2,"11":0,"12":0,"13":0,"14":0,"15":0,"16":0,"17":0,"18":0,"19":0,"20":0,"21":0,"22":0,"23":0,"24":0,"25":0,"26":0,"27":0,"28":0,"29":0,"30":1,"31":1,"32":1,"33":1,"34":1,"35":1,"36":2,"37":1,"38":0,"39":0,"40":0,"41":0,"42":0,"43":1,"44":1,"45":1,"46":1,"47":1,"48":1,"49":1,"50":1,"51":1,"52":1,"53":1,"54":0,"55":0},"b":{"0":[0,1],"1":[1,0],"2":[0,1],"3":[1,17],"4":[1,16],"5":[0,0],"6":[0,0],"7":[1,1],"8":[0,3],"9":[0,0],"10":[0,0],"11":[0,0],"12":[0,0],"13":[0,0],"14":[0,0],"15":[0,0],"16":[0,0],"17":[0,0],"18":[0,0,0],"19":[0,0],"20":[0,0],"21":[0,0],"22":[0,0],"23":[0,0],"24":[0,0],"25":[0,0],"26":[0,0],"27":[0,0],"28":[0,0],"29":[0,0],"30":[0,0],"31":[0,0],"32":[0,0],"33":[0,1],"34":[0,0],"35":[0,0],"36":[0,0],"37":[0,1],"38":[1,1],"39":[0,1],"40":[1,1],"41":[0,1],"42":[0,1],"43":[0,1],"44":[1,0],"45":[0,1],"46":[1,0],"47":[0,1],"48":[0,1],"49":[1,1],"50":[0,1],"51":[0,1],"52":[0,1],"53":[1,1],"54":[0,1],"55":[0,1],"56":[0,0]},"_coverageSchema":"1a1c01bbd47fc00a2c39e90264f33305004495a9","hash":"210bea712715616de05d0d4e0ddff55b20616193"}
}
