TN:
SF:server.js
FN:45,apiKeyMiddleware
FN:69,(anonymous_1)
FN:73,(anonymous_2)
FN:74,(anonymous_3)
FN:77,formatTimespan
FN:82,(anonymous_5)
FN:86,(anonymous_6)
FN:91,(anonymous_7)
FN:102,(anonymous_8)
FN:115,(anonymous_9)
FN:126,getUserData
FN:149,(anonymous_11)
FN:175,(anonymous_12)
FN:188,(anonymous_13)
FN:220,(anonymous_14)
FN:244,(anonymous_15)
FN:267,(anonymous_16)
FN:281,(anonymous_17)
FN:297,(anonymous_18)
FN:311,(anonymous_19)
FN:337,(anonymous_20)
FN:351,(anonymous_21)
FN:367,(anonymous_22)
FN:371,(anonymous_23)
FN:383,(anonymous_24)
FN:415,(anonymous_25)
FN:429,(anonymous_26)
FN:441,(anonymous_27)
FN:481,(anonymous_28)
FN:551,(anonymous_29)
FN:643,(anonymous_30)
FN:682,(anonymous_31)
FN:719,getFriends
FN:726,(anonymous_33)
FN:736,(anonymous_34)
FN:747,(anonymous_35)
FN:758,(anonymous_36)
FN:775,(anonymous_37)
FN:794,(anonymous_38)
FN:810,(anonymous_39)
FN:837,(anonymous_40)
FN:865,(anonymous_41)
FN:887,(anonymous_42)
FN:903,(anonymous_43)
FN:922,(anonymous_44)
FN:939,(anonymous_45)
FN:977,(anonymous_46)
FN:1015,(anonymous_47)
FN:1039,(anonymous_48)
FN:1078,(anonymous_49)
FN:1095,(anonymous_50)
FN:1098,(anonymous_51)
FN:1121,(anonymous_52)
FN:1135,(anonymous_53)
FN:1174,(anonymous_54)
FN:1182,(anonymous_55)
FN:1186,(anonymous_56)
FN:1192,(anonymous_57)
FN:1206,(anonymous_58)
FN:1221,(anonymous_59)
FN:1257,(anonymous_60)
FN:1285,(anonymous_61)
FN:1320,(anonymous_62)
FN:1346,(anonymous_63)
FN:1354,(anonymous_64)
FNF:65
FNH:24
FNDA:18,apiKeyMiddleware
FNDA:0,(anonymous_1)
FNDA:0,(anonymous_2)
FNDA:0,(anonymous_3)
FNDA:0,formatTimespan
FNDA:0,(anonymous_5)
FNDA:0,(anonymous_6)
FNDA:1,(anonymous_7)
FNDA:2,(anonymous_8)
FNDA:1,(anonymous_9)
FNDA:2,getUserData
FNDA:0,(anonymous_11)
FNDA:0,(anonymous_12)
FNDA:0,(anonymous_13)
FNDA:0,(anonymous_14)
FNDA:0,(anonymous_15)
FNDA:0,(anonymous_16)
FNDA:0,(anonymous_17)
FNDA:0,(anonymous_18)
FNDA:0,(anonymous_19)
FNDA:0,(anonymous_20)
FNDA:0,(anonymous_21)
FNDA:0,(anonymous_22)
FNDA:0,(anonymous_23)
FNDA:0,(anonymous_24)
FNDA:0,(anonymous_25)
FNDA:0,(anonymous_26)
FNDA:0,(anonymous_27)
FNDA:0,(anonymous_28)
FNDA:0,(anonymous_29)
FNDA:0,(anonymous_30)
FNDA:0,(anonymous_31)
FNDA:1,getFriends
FNDA:1,(anonymous_33)
FNDA:1,(anonymous_34)
FNDA:1,(anonymous_35)
FNDA:1,(anonymous_36)
FNDA:1,(anonymous_37)
FNDA:2,(anonymous_38)
FNDA:1,(anonymous_39)
FNDA:0,(anonymous_40)
FNDA:0,(anonymous_41)
FNDA:0,(anonymous_42)
FNDA:0,(anonymous_43)
FNDA:0,(anonymous_44)
FNDA:1,(anonymous_45)
FNDA:1,(anonymous_46)
FNDA:1,(anonymous_47)
FNDA:1,(anonymous_48)
FNDA:1,(anonymous_49)
FNDA:1,(anonymous_50)
FNDA:1,(anonymous_51)
FNDA:1,(anonymous_52)
FNDA:1,(anonymous_53)
FNDA:0,(anonymous_54)
FNDA:0,(anonymous_55)
FNDA:0,(anonymous_56)
FNDA:0,(anonymous_57)
FNDA:0,(anonymous_58)
FNDA:1,(anonymous_59)
FNDA:1,(anonymous_60)
FNDA:0,(anonymous_61)
FNDA:0,(anonymous_62)
FNDA:0,(anonymous_63)
FNDA:0,(anonymous_64)
DA:1,1
DA:2,1
DA:3,1
DA:4,1
DA:5,1
DA:6,1
DA:8,1
DA:9,1
DA:12,1
DA:13,0
DA:16,1
DA:30,1
DA:34,1
DA:46,18
DA:48,18
DA:49,1
DA:52,17
DA:57,17
DA:58,1
DA:62,16
DA:63,16
DA:66,1
DA:69,1
DA:70,0
DA:73,1
DA:74,1
DA:78,0
DA:81,0
DA:82,0
DA:85,0
DA:86,0
DA:87,0
DA:91,1
DA:92,1
DA:93,1
DA:94,1
DA:96,0
DA:97,0
DA:100,1
DA:102,1
DA:103,2
DA:104,2
DA:105,1
DA:106,1
DA:107,1
DA:109,0
DA:110,0
DA:115,1
DA:116,1
DA:117,1
DA:118,1
DA:119,1
DA:121,0
DA:122,0
DA:127,2
DA:128,2
DA:129,3
DA:133,3
DA:134,3
DA:135,3
DA:136,3
DA:145,2
DA:149,1
DA:150,0
DA:151,0
DA:152,0
DA:175,0
DA:180,0
DA:182,0
DA:183,0
DA:188,1
DA:189,0
DA:190,0
DA:191,0
DA:212,0
DA:214,0
DA:215,0
DA:220,1
DA:221,0
DA:222,0
DA:223,0
DA:227,0
DA:228,0
DA:229,0
DA:237,0
DA:239,0
DA:240,0
DA:244,1
DA:245,0
DA:246,0
DA:247,0
DA:249,0
DA:250,0
DA:259,0
DA:261,0
DA:262,0
DA:267,1
DA:268,0
DA:269,0
DA:270,0
DA:274,0
DA:276,0
DA:277,0
DA:281,1
DA:282,0
DA:283,0
DA:284,0
DA:285,0
DA:289,0
DA:291,0
DA:292,0
DA:297,1
DA:298,0
DA:299,0
DA:302,0
DA:304,0
DA:305,0
DA:311,1
DA:312,0
DA:313,0
DA:314,0
DA:318,0
DA:320,0
DA:326,0
DA:329,0
DA:335,0
DA:336,0
DA:337,0
DA:339,0
DA:344,0
DA:346,0
DA:347,0
DA:351,1
DA:352,0
DA:354,0
DA:355,0
DA:367,0
DA:369,0
DA:371,0
DA:376,0
DA:378,0
DA:379,0
DA:383,1
DA:384,0
DA:385,0
DA:386,0
DA:407,0
DA:409,0
DA:410,0
DA:415,1
DA:416,0
DA:417,0
DA:418,0
DA:421,0
DA:423,0
DA:424,0
DA:429,1
DA:430,0
DA:431,0
DA:432,0
DA:433,0
DA:435,0
DA:436,0
DA:441,1
DA:442,0
DA:443,0
DA:444,0
DA:446,0
DA:448,0
DA:458,0
DA:459,0
DA:461,0
DA:462,0
DA:465,0
DA:468,0
DA:478,0
DA:479,0
DA:481,0
DA:482,0
DA:483,0
DA:484,0
DA:486,0
DA:490,0
DA:492,0
DA:494,0
DA:500,0
DA:505,0
DA:507,0
DA:508,0
DA:519,0
DA:522,0
DA:526,0
DA:527,0
DA:528,0
DA:531,0
DA:533,0
DA:536,0
DA:537,0
DA:544,0
DA:545,0
DA:551,1
DA:552,0
DA:553,0
DA:554,0
DA:557,0
DA:558,0
DA:559,0
DA:560,0
DA:565,0
DA:566,0
DA:567,0
DA:569,0
DA:574,0
DA:576,0
DA:578,0
DA:580,0
DA:585,0
DA:587,0
DA:594,0
DA:599,0
DA:600,0
DA:601,0
DA:602,0
DA:613,0
DA:615,0
DA:620,0
DA:625,0
DA:626,0
DA:631,0
DA:633,0
DA:635,0
DA:636,0
DA:637,0
DA:639,0
DA:643,1
DA:644,0
DA:646,0
DA:647,0
DA:648,0
DA:650,0
DA:655,0
DA:656,0
DA:657,0
DA:660,0
DA:665,0
DA:666,0
DA:671,0
DA:672,0
DA:674,0
DA:675,0
DA:676,0
DA:678,0
DA:682,1
DA:683,0
DA:685,0
DA:687,0
DA:692,0
DA:693,0
DA:695,0
DA:696,0
DA:700,0
DA:701,0
DA:707,0
DA:712,0
DA:714,0
DA:715,0
DA:721,1
DA:726,1
DA:728,1
DA:729,0
DA:733,1
DA:736,1
DA:744,1
DA:747,1
DA:748,1
DA:749,1
DA:750,1
DA:751,1
DA:753,0
DA:754,0
DA:758,1
DA:759,1
DA:761,1
DA:762,1
DA:769,1
DA:771,0
DA:772,0
DA:775,1
DA:776,1
DA:778,1
DA:779,1
DA:792,1
DA:794,2
DA:803,1
DA:805,0
DA:806,0
DA:810,1
DA:811,1
DA:813,1
DA:814,1
DA:817,1
DA:821,1
DA:826,1
DA:831,0
DA:832,0
DA:837,1
DA:838,0
DA:840,0
DA:841,0
DA:854,0
DA:856,0
DA:858,0
DA:859,0
DA:865,1
DA:866,0
DA:868,0
DA:869,0
DA:872,0
DA:873,0
DA:885,0
DA:887,0
DA:896,0
DA:898,0
DA:899,0
DA:903,1
DA:904,0
DA:906,0
DA:907,0
DA:910,0
DA:911,0
DA:920,0
DA:922,0
DA:932,0
DA:934,0
DA:935,0
DA:939,1
DA:940,1
DA:941,1
DA:943,1
DA:944,0
DA:949,1
DA:950,1
DA:956,1
DA:958,1
DA:960,1
DA:970,1
DA:972,0
DA:973,0
DA:977,1
DA:978,1
DA:979,1
DA:980,1
DA:982,1
DA:983,0
DA:988,1
DA:989,1
DA:996,1
DA:1003,1
DA:1004,0
DA:1007,1
DA:1009,0
DA:1010,0
DA:1015,1
DA:1016,1
DA:1018,1
DA:1019,1
DA:1026,1
DA:1027,0
DA:1032,1
DA:1034,0
DA:1035,0
DA:1039,1
DA:1040,1
DA:1042,1
DA:1043,1
DA:1050,1
DA:1052,1
DA:1053,0
DA:1058,1
DA:1060,1
DA:1073,0
DA:1074,0
DA:1078,1
DA:1079,1
DA:1081,1
DA:1082,0
DA:1085,1
DA:1087,1
DA:1093,1
DA:1096,1
DA:1099,1
DA:1103,1
DA:1105,1
DA:1113,1
DA:1115,0
DA:1116,0
DA:1121,1
DA:1122,1
DA:1123,1
DA:1125,1
DA:1126,0
DA:1129,1
DA:1131,1
DA:1135,1
DA:1138,1
DA:1141,1
DA:1151,1
DA:1152,1
DA:1153,2
DA:1154,2
DA:1155,2
DA:1163,0
DA:1167,1
DA:1169,0
DA:1170,0
DA:1174,1
DA:1175,0
DA:1176,0
DA:1180,0
DA:1182,0
DA:1185,0
DA:1186,0
DA:1187,0
DA:1190,0
DA:1191,0
DA:1193,0
DA:1194,0
DA:1195,0
DA:1201,0
DA:1206,0
DA:1214,0
DA:1216,0
DA:1217,0
DA:1221,1
DA:1222,1
DA:1223,1
DA:1225,1
DA:1226,0
DA:1231,1
DA:1232,0
DA:1235,1
DA:1236,1
DA:1241,1
DA:1242,0
DA:1245,1
DA:1250,1
DA:1252,0
DA:1253,0
DA:1257,1
DA:1258,1
DA:1259,1
DA:1261,1
DA:1262,0
DA:1267,1
DA:1268,1
DA:1275,1
DA:1276,0
DA:1279,1
DA:1281,0
DA:1282,0
DA:1285,1
DA:1286,0
DA:1288,0
DA:1289,0
DA:1311,0
DA:1313,0
DA:1314,0
DA:1320,1
DA:1321,0
DA:1323,0
DA:1324,0
DA:1332,0
DA:1333,0
DA:1338,0
DA:1340,0
DA:1341,0
DA:1346,1
DA:1347,0
DA:1348,0
DA:1352,1
DA:1353,0
DA:1354,0
DA:1357,1
LF:483
LH:181
BRDA:12,0,0,0
BRDA:12,0,1,1
BRDA:30,1,0,1
BRDA:30,1,1,0
BRDA:37,2,0,0
BRDA:37,2,1,1
BRDA:48,3,0,1
BRDA:48,3,1,17
BRDA:57,4,0,1
BRDA:57,4,1,16
BRDA:78,5,0,0
BRDA:78,5,1,0
BRDA:81,6,0,0
BRDA:81,6,1,0
BRDA:104,7,0,1
BRDA:104,7,1,1
BRDA:134,8,0,0
BRDA:134,8,1,3
BRDA:222,9,0,0
BRDA:222,9,1,0
BRDA:222,10,0,0
BRDA:222,10,1,0
BRDA:228,11,0,0
BRDA:228,11,1,0
BRDA:246,12,0,0
BRDA:246,12,1,0
BRDA:246,13,0,0
BRDA:246,13,1,0
BRDA:274,14,0,0
BRDA:274,14,1,0
BRDA:283,15,0,0
BRDA:283,15,1,0
BRDA:287,16,0,0
BRDA:287,16,1,0
BRDA:313,17,0,0
BRDA:313,17,1,0
BRDA:313,18,0,0
BRDA:313,18,1,0
BRDA:313,18,2,0
BRDA:335,19,0,0
BRDA:335,19,1,0
BRDA:335,20,0,0
BRDA:335,20,1,0
BRDA:373,21,0,0
BRDA:373,21,1,0
BRDA:443,22,0,0
BRDA:443,22,1,0
BRDA:443,23,0,0
BRDA:443,23,1,0
BRDA:458,24,0,0
BRDA:458,24,1,0
BRDA:461,25,0,0
BRDA:461,25,1,0
BRDA:490,26,0,0
BRDA:490,26,1,0
BRDA:505,27,0,0
BRDA:505,27,1,0
BRDA:553,28,0,0
BRDA:553,28,1,0
BRDA:553,29,0,0
BRDA:553,29,1,0
BRDA:557,30,0,0
BRDA:557,30,1,0
BRDA:574,31,0,0
BRDA:574,31,1,0
BRDA:578,32,0,0
BRDA:578,32,1,0
BRDA:599,33,0,0
BRDA:599,33,1,0
BRDA:625,34,0,0
BRDA:625,34,1,0
BRDA:655,35,0,0
BRDA:655,35,1,0
BRDA:665,36,0,0
BRDA:665,36,1,0
BRDA:692,37,0,0
BRDA:692,37,1,0
BRDA:695,38,0,0
BRDA:695,38,1,0
BRDA:700,39,0,0
BRDA:700,39,1,0
BRDA:728,40,0,0
BRDA:728,40,1,1
BRDA:868,41,0,0
BRDA:868,41,1,0
BRDA:906,42,0,0
BRDA:906,42,1,0
BRDA:926,43,0,0
BRDA:926,43,1,0
BRDA:943,44,0,0
BRDA:943,44,1,1
BRDA:943,45,0,1
BRDA:943,45,1,1
BRDA:982,46,0,0
BRDA:982,46,1,1
BRDA:982,47,0,1
BRDA:982,47,1,1
BRDA:1003,48,0,0
BRDA:1003,48,1,1
BRDA:1026,49,0,0
BRDA:1026,49,1,1
BRDA:1052,50,0,0
BRDA:1052,50,1,1
BRDA:1067,51,0,1
BRDA:1067,51,1,0
BRDA:1081,52,0,0
BRDA:1081,52,1,1
BRDA:1122,53,0,1
BRDA:1122,53,1,0
BRDA:1125,54,0,0
BRDA:1125,54,1,1
BRDA:1209,55,0,0
BRDA:1209,55,1,0
BRDA:1209,55,2,0
BRDA:1225,56,0,0
BRDA:1225,56,1,1
BRDA:1225,57,0,1
BRDA:1225,57,1,1
BRDA:1231,58,0,0
BRDA:1231,58,1,1
BRDA:1241,59,0,0
BRDA:1241,59,1,1
BRDA:1261,60,0,0
BRDA:1261,60,1,1
BRDA:1261,61,0,1
BRDA:1261,61,1,1
BRDA:1275,62,0,0
BRDA:1275,62,1,1
BRDA:1332,63,0,0
BRDA:1332,63,1,0
BRDA:1352,64,0,0
BRDA:1352,64,1,1
BRDA:1353,65,0,0
BRDA:1353,65,1,0
BRF:134
BRH:34
end_of_record
