TN:
SF:server.js
FN:47,apiKeyMiddleware
FN:72,(anonymous_1)
FN:76,(anonymous_2)
FN:77,(anonymous_3)
FN:81,formatTimespan
FN:86,(anonymous_5)
FN:90,(anonymous_6)
FN:95,(anonymous_7)
FN:106,(anonymous_8)
FN:119,(anonymous_9)
FN:130,getUserData
FN:153,(anonymous_11)
FN:177,(anonymous_12)
FN:190,(anonymous_13)
FN:221,(anonymous_14)
FN:245,(anonymous_15)
FN:268,(anonymous_16)
FN:282,(anonymous_17)
FN:298,(anonymous_18)
FN:312,(anonymous_19)
FN:338,(anonymous_20)
FN:352,(anonymous_21)
FN:368,(anonymous_22)
FN:372,(anonymous_23)
FN:384,(anonymous_24)
FN:416,(anonymous_25)
FN:430,(anonymous_26)
FN:443,(anonymous_27)
FN:483,(anonymous_28)
FN:534,(anonymous_29)
FN:607,getFriends
FN:614,(anonymous_31)
FN:624,(anonymous_32)
FN:635,(anonymous_33)
FN:646,(anonymous_34)
FN:663,(anonymous_35)
FN:682,(anonymous_36)
FN:698,(anonymous_37)
FN:725,(anonymous_38)
FN:753,(anonymous_39)
FN:775,(anonymous_40)
FN:791,(anonymous_41)
FN:810,(anonymous_42)
FN:827,(anonymous_43)
FN:865,(anonymous_44)
FN:903,(anonymous_45)
FN:927,(anonymous_46)
FN:966,(anonymous_47)
FN:983,(anonymous_48)
FN:984,(anonymous_49)
FN:1007,(anonymous_50)
FN:1021,(anonymous_51)
FN:1060,(anonymous_52)
FN:1096,(anonymous_53)
FN:1126,(anonymous_54)
FN:1134,(anonymous_55)
FNF:56
FNH:24
FNDA:18,apiKeyMiddleware
FNDA:0,(anonymous_1)
FNDA:0,(anonymous_2)
FNDA:0,(anonymous_3)
FNDA:0,formatTimespan
FNDA:0,(anonymous_5)
FNDA:0,(anonymous_6)
FNDA:1,(anonymous_7)
FNDA:2,(anonymous_8)
FNDA:1,(anonymous_9)
FNDA:2,getUserData
FNDA:0,(anonymous_11)
FNDA:0,(anonymous_12)
FNDA:0,(anonymous_13)
FNDA:0,(anonymous_14)
FNDA:0,(anonymous_15)
FNDA:0,(anonymous_16)
FNDA:0,(anonymous_17)
FNDA:0,(anonymous_18)
FNDA:0,(anonymous_19)
FNDA:0,(anonymous_20)
FNDA:0,(anonymous_21)
FNDA:0,(anonymous_22)
FNDA:0,(anonymous_23)
FNDA:0,(anonymous_24)
FNDA:0,(anonymous_25)
FNDA:0,(anonymous_26)
FNDA:0,(anonymous_27)
FNDA:0,(anonymous_28)
FNDA:0,(anonymous_29)
FNDA:1,getFriends
FNDA:1,(anonymous_31)
FNDA:1,(anonymous_32)
FNDA:1,(anonymous_33)
FNDA:1,(anonymous_34)
FNDA:1,(anonymous_35)
FNDA:2,(anonymous_36)
FNDA:1,(anonymous_37)
FNDA:0,(anonymous_38)
FNDA:0,(anonymous_39)
FNDA:0,(anonymous_40)
FNDA:0,(anonymous_41)
FNDA:0,(anonymous_42)
FNDA:1,(anonymous_43)
FNDA:1,(anonymous_44)
FNDA:1,(anonymous_45)
FNDA:1,(anonymous_46)
FNDA:1,(anonymous_47)
FNDA:1,(anonymous_48)
FNDA:1,(anonymous_49)
FNDA:1,(anonymous_50)
FNDA:1,(anonymous_51)
FNDA:1,(anonymous_52)
FNDA:1,(anonymous_53)
FNDA:0,(anonymous_54)
FNDA:0,(anonymous_55)
DA:1,1
DA:2,1
DA:3,1
DA:4,1
DA:5,1
DA:6,1
DA:8,1
DA:9,1
DA:12,1
DA:13,0
DA:16,1
DA:30,1
DA:34,1
DA:48,18
DA:50,18
DA:51,1
DA:54,17
DA:59,17
DA:60,1
DA:64,16
DA:65,16
DA:68,1
DA:72,1
DA:73,0
DA:76,1
DA:77,1
DA:82,0
DA:85,0
DA:86,0
DA:89,0
DA:90,0
DA:91,0
DA:95,1
DA:96,1
DA:97,1
DA:98,1
DA:100,0
DA:101,0
DA:104,1
DA:106,1
DA:107,2
DA:108,2
DA:109,1
DA:110,1
DA:111,1
DA:113,0
DA:114,0
DA:119,1
DA:120,1
DA:121,1
DA:122,1
DA:123,1
DA:125,0
DA:126,0
DA:131,2
DA:132,2
DA:133,3
DA:137,3
DA:138,3
DA:139,3
DA:140,3
DA:149,2
DA:153,1
DA:154,0
DA:155,0
DA:156,0
DA:177,0
DA:182,0
DA:184,0
DA:185,0
DA:190,1
DA:191,0
DA:192,0
DA:193,0
DA:213,0
DA:215,0
DA:216,0
DA:221,1
DA:222,0
DA:223,0
DA:224,0
DA:228,0
DA:229,0
DA:230,0
DA:238,0
DA:240,0
DA:241,0
DA:245,1
DA:246,0
DA:247,0
DA:248,0
DA:250,0
DA:251,0
DA:260,0
DA:262,0
DA:263,0
DA:268,1
DA:269,0
DA:270,0
DA:271,0
DA:275,0
DA:277,0
DA:278,0
DA:282,1
DA:283,0
DA:284,0
DA:285,0
DA:286,0
DA:290,0
DA:292,0
DA:293,0
DA:298,1
DA:299,0
DA:300,0
DA:303,0
DA:305,0
DA:306,0
DA:312,1
DA:313,0
DA:314,0
DA:315,0
DA:319,0
DA:321,0
DA:327,0
DA:330,0
DA:336,0
DA:337,0
DA:338,0
DA:340,0
DA:345,0
DA:347,0
DA:348,0
DA:352,1
DA:353,0
DA:355,0
DA:356,0
DA:368,0
DA:370,0
DA:372,0
DA:377,0
DA:379,0
DA:380,0
DA:384,1
DA:385,0
DA:386,0
DA:387,0
DA:408,0
DA:410,0
DA:411,0
DA:416,1
DA:417,0
DA:418,0
DA:419,0
DA:422,0
DA:424,0
DA:425,0
DA:430,1
DA:431,0
DA:432,0
DA:433,0
DA:434,0
DA:436,0
DA:437,0
DA:443,1
DA:444,0
DA:445,0
DA:446,0
DA:448,0
DA:450,0
DA:460,0
DA:461,0
DA:463,0
DA:464,0
DA:467,0
DA:470,0
DA:480,0
DA:481,0
DA:483,0
DA:484,0
DA:485,0
DA:486,0
DA:488,0
DA:492,0
DA:494,0
DA:496,0
DA:502,0
DA:505,0
DA:509,0
DA:510,0
DA:511,0
DA:514,0
DA:516,0
DA:519,0
DA:520,0
DA:527,0
DA:528,0
DA:534,1
DA:535,0
DA:536,0
DA:537,0
DA:540,0
DA:541,0
DA:542,0
DA:543,0
DA:548,0
DA:549,0
DA:550,0
DA:552,0
DA:557,0
DA:559,0
DA:561,0
DA:563,0
DA:568,0
DA:570,0
DA:577,0
DA:579,0
DA:584,0
DA:589,0
DA:590,0
DA:595,0
DA:597,0
DA:599,0
DA:600,0
DA:601,0
DA:603,0
DA:609,1
DA:614,1
DA:616,1
DA:617,0
DA:621,1
DA:624,1
DA:632,1
DA:635,1
DA:636,1
DA:637,1
DA:638,1
DA:639,1
DA:641,0
DA:642,0
DA:646,1
DA:647,1
DA:649,1
DA:650,1
DA:657,1
DA:659,0
DA:660,0
DA:663,1
DA:664,1
DA:666,1
DA:667,1
DA:680,1
DA:682,2
DA:691,1
DA:693,0
DA:694,0
DA:698,1
DA:699,1
DA:701,1
DA:702,1
DA:705,1
DA:709,1
DA:714,1
DA:719,0
DA:720,0
DA:725,1
DA:726,0
DA:728,0
DA:729,0
DA:742,0
DA:744,0
DA:746,0
DA:747,0
DA:753,1
DA:754,0
DA:756,0
DA:757,0
DA:760,0
DA:761,0
DA:773,0
DA:775,0
DA:784,0
DA:786,0
DA:787,0
DA:791,1
DA:792,0
DA:794,0
DA:795,0
DA:798,0
DA:799,0
DA:808,0
DA:810,0
DA:820,0
DA:822,0
DA:823,0
DA:827,1
DA:828,1
DA:829,1
DA:831,1
DA:832,0
DA:837,1
DA:838,1
DA:844,1
DA:846,1
DA:848,1
DA:858,1
DA:860,0
DA:861,0
DA:865,1
DA:866,1
DA:867,1
DA:868,1
DA:870,1
DA:871,0
DA:876,1
DA:877,1
DA:884,1
DA:891,1
DA:892,0
DA:895,1
DA:897,0
DA:898,0
DA:903,1
DA:904,1
DA:906,1
DA:907,1
DA:914,1
DA:915,0
DA:920,1
DA:922,0
DA:923,0
DA:927,1
DA:928,1
DA:930,1
DA:931,1
DA:938,1
DA:940,1
DA:941,0
DA:946,1
DA:948,1
DA:961,0
DA:962,0
DA:966,1
DA:967,1
DA:969,1
DA:970,0
DA:973,1
DA:975,1
DA:981,1
DA:983,1
DA:985,1
DA:989,1
DA:991,1
DA:999,1
DA:1001,0
DA:1002,0
DA:1007,1
DA:1008,1
DA:1009,1
DA:1011,1
DA:1012,0
DA:1015,1
DA:1017,1
DA:1021,1
DA:1024,1
DA:1027,1
DA:1037,1
DA:1038,1
DA:1039,2
DA:1040,2
DA:1041,2
DA:1049,0
DA:1053,1
DA:1055,0
DA:1056,0
DA:1060,1
DA:1061,1
DA:1062,1
DA:1064,1
DA:1065,0
DA:1070,1
DA:1071,0
DA:1074,1
DA:1075,1
DA:1080,1
DA:1081,0
DA:1084,1
DA:1089,1
DA:1091,0
DA:1092,0
DA:1096,1
DA:1097,1
DA:1098,1
DA:1100,1
DA:1101,0
DA:1106,1
DA:1107,1
DA:1114,1
DA:1115,0
DA:1118,1
DA:1120,0
DA:1121,0
DA:1126,1
DA:1127,0
DA:1128,0
DA:1132,1
DA:1133,0
DA:1134,0
DA:1137,1
LF:408
LH:176
BRDA:12,0,0,0
BRDA:12,0,1,1
BRDA:30,1,0,1
BRDA:30,1,1,0
BRDA:37,2,0,0
BRDA:37,2,1,1
BRDA:50,3,0,1
BRDA:50,3,1,17
BRDA:59,4,0,1
BRDA:59,4,1,16
BRDA:82,5,0,0
BRDA:82,5,1,0
BRDA:85,6,0,0
BRDA:85,6,1,0
BRDA:108,7,0,1
BRDA:108,7,1,1
BRDA:138,8,0,0
BRDA:138,8,1,3
BRDA:223,9,0,0
BRDA:223,9,1,0
BRDA:223,10,0,0
BRDA:223,10,1,0
BRDA:229,11,0,0
BRDA:229,11,1,0
BRDA:247,12,0,0
BRDA:247,12,1,0
BRDA:247,13,0,0
BRDA:247,13,1,0
BRDA:275,14,0,0
BRDA:275,14,1,0
BRDA:284,15,0,0
BRDA:284,15,1,0
BRDA:288,16,0,0
BRDA:288,16,1,0
BRDA:314,17,0,0
BRDA:314,17,1,0
BRDA:314,18,0,0
BRDA:314,18,1,0
BRDA:314,18,2,0
BRDA:336,19,0,0
BRDA:336,19,1,0
BRDA:336,20,0,0
BRDA:336,20,1,0
BRDA:374,21,0,0
BRDA:374,21,1,0
BRDA:445,22,0,0
BRDA:445,22,1,0
BRDA:445,23,0,0
BRDA:445,23,1,0
BRDA:460,24,0,0
BRDA:460,24,1,0
BRDA:463,25,0,0
BRDA:463,25,1,0
BRDA:492,26,0,0
BRDA:492,26,1,0
BRDA:536,27,0,0
BRDA:536,27,1,0
BRDA:536,28,0,0
BRDA:536,28,1,0
BRDA:540,29,0,0
BRDA:540,29,1,0
BRDA:557,30,0,0
BRDA:557,30,1,0
BRDA:561,31,0,0
BRDA:561,31,1,0
BRDA:589,32,0,0
BRDA:589,32,1,0
BRDA:616,33,0,0
BRDA:616,33,1,1
BRDA:756,34,0,0
BRDA:756,34,1,0
BRDA:794,35,0,0
BRDA:794,35,1,0
BRDA:814,36,0,0
BRDA:814,36,1,0
BRDA:831,37,0,0
BRDA:831,37,1,1
BRDA:831,38,0,1
BRDA:831,38,1,1
BRDA:870,39,0,0
BRDA:870,39,1,1
BRDA:870,40,0,1
BRDA:870,40,1,1
BRDA:891,41,0,0
BRDA:891,41,1,1
BRDA:914,42,0,0
BRDA:914,42,1,1
BRDA:940,43,0,0
BRDA:940,43,1,1
BRDA:955,44,0,1
BRDA:955,44,1,0
BRDA:969,45,0,0
BRDA:969,45,1,1
BRDA:1008,46,0,1
BRDA:1008,46,1,0
BRDA:1011,47,0,0
BRDA:1011,47,1,1
BRDA:1064,48,0,0
BRDA:1064,48,1,1
BRDA:1064,49,0,1
BRDA:1064,49,1,1
BRDA:1070,50,0,0
BRDA:1070,50,1,1
BRDA:1080,51,0,0
BRDA:1080,51,1,1
BRDA:1100,52,0,0
BRDA:1100,52,1,1
BRDA:1100,53,0,1
BRDA:1100,53,1,1
BRDA:1114,54,0,0
BRDA:1114,54,1,1
BRDA:1132,55,0,0
BRDA:1132,55,1,1
BRDA:1133,56,0,0
BRDA:1133,56,1,0
BRF:115
BRH:34
end_of_record
